INFO  2024-07-15T01:52:31.326 ThreadId(23) [1P:op-settings/src/store/json_store.rs:117] Settings file "/home/$USER/.config/1Password/settings/settings.json" missing, using defaults.
INFO  2024-07-15T01:52:31.326 ThreadId(23) [client:typescript] Client starting.
ERROR 2024-07-15T01:52:32.185 ThreadId(23) [1P:/builds/dev/core/core/op-b5-client/src/b5_client/features.rs:123] HttpError((/rustc/9b00956e56009bab2aa15d7bff10916599e3d6d6/library/core/src/ops/function.rs:250, IoError(IoError(error sending request for url (<redacted URL>): operation timed out))))
INFO  2024-07-15T01:52:32.186 ThreadId(23) [1P:op-crash-reporting/src/killswitch.rs:42] Crash reporting temporarily disabled by 1Password.
INFO  2024-07-15T01:52:32.186 ThreadId(23) [1P:op-localization/src/lib.rs:232] system locale detected as 'en-US'
INFO  2024-07-15T01:52:32.186 ThreadId(23) [1P:op-localization/src/lib.rs:258] selected translations for EN_US based on detected locale en-US
INFO  2024-07-15T01:52:32.186 ThreadId(23) [status:app/op-app/src/app.rs:601] App::new(1Password for Linux/81036046 (EN_US), /home/$USER/.config/1Password)
INFO  2024-07-15T01:52:32.186 ThreadId(23) [1P:data/op-db/src/common/mod.rs:120] Core DB Table Integrity Check Succeeded
INFO  2024-07-15T01:52:32.186 ThreadId(23) [1P:data/op-db/src/common/mod.rs:134] Core DB Integrity Check Succeeded
INFO  2024-07-15T01:52:32.187 ThreadId(23) [1P:data/op-db/src/core_db/db.rs:165] Starting Core DB at version: 0
INFO  2024-07-15T01:52:32.201 ThreadId(23) [1P:data/op-db/src/core_db/db.rs:190] Database is being created at '/home/$USER/.config/1Password/1password.sqlite' (sqlite: 3045000)
INFO  2024-07-15T01:52:32.210 ThreadId(23) [1P:data/op-db/src/core_db/db.rs:521] Updated DB Schema to version 001
INFO  2024-07-15T01:52:32.214 ThreadId(23) [1P:data/op-db/src/core_db/db.rs:543] Updated DB Schema to version 002
INFO  2024-07-15T01:52:32.218 ThreadId(23) [1P:data/op-db/src/core_db/db.rs:555] Updated DB Schema to version 003
INFO  2024-07-15T01:52:32.222 ThreadId(23) [1P:data/op-db/src/core_db/db.rs:571] Updated DB Schema to version 005
INFO  2024-07-15T01:52:32.228 ThreadId(23) [1P:data/op-db/src/core_db/db.rs:587] Updated DB Schema to version 006
INFO  2024-07-15T01:52:32.232 ThreadId(23) [1P:data/op-db/src/core_db/db.rs:601] Updated DB Schema to version 007
INFO  2024-07-15T01:52:32.236 ThreadId(23) [1P:data/op-db/src/core_db/db.rs:615] Updated DB Schema to version 008
INFO  2024-07-15T01:52:32.241 ThreadId(23) [1P:data/op-db/src/core_db/db.rs:629] Updated DB Schema to version 009
INFO  2024-07-15T01:52:32.253 ThreadId(23) [1P:data/op-db/src/core_db/db.rs:643] Updated DB Schema to version 011
INFO  2024-07-15T01:52:32.253 ThreadId(23) [1P:data/op-db/src/core_db/db.rs:658] Updated DB Schema to version 012
INFO  2024-07-15T01:52:32.261 ThreadId(23) [1P:data/op-db/src/core_db/db.rs:672] Updated DB Schema to version 013
INFO  2024-07-15T01:52:32.265 ThreadId(23) [1P:data/op-db/src/core_db/db.rs:686] Updated DB Schema to version 014
INFO  2024-07-15T01:52:32.270 ThreadId(23) [1P:data/op-db/src/core_db/db.rs:700] Updated DB Schema to version 015
INFO  2024-07-15T01:52:32.272 ThreadId(23) [1P:data/op-db/src/core_db/db.rs:714] Updated DB Schema to version 016
INFO  2024-07-15T01:52:32.274 ThreadId(23) [1P:data/op-db/src/core_db/db.rs:728] Updated DB Schema to version 017
INFO  2024-07-15T01:52:32.275 ThreadId(23) [1P:data/op-db/src/core_db/db.rs:742] Updated DB Schema to version 018
INFO  2024-07-15T01:52:32.276 ThreadId(23) [1P:data/op-db/src/core_db/db.rs:756] Updated DB Schema to version 019
INFO  2024-07-15T01:52:32.279 ThreadId(23) [1P:data/op-db/src/core_db/db.rs:871] Updated DB Schema to version 021
INFO  2024-07-15T01:52:32.280 ThreadId(23) [1P:data/op-db/src/core_db/db.rs:885] Updated DB Schema to version 022
INFO  2024-07-15T01:52:32.282 ThreadId(23) [1P:data/op-db/src/core_db/db.rs:899] Updated DB Schema to version 023
INFO  2024-07-15T01:52:32.283 ThreadId(23) [1P:data/op-db/src/core_db/db.rs:913] Updated DB Schema to version 024
INFO  2024-07-15T01:52:32.284 ThreadId(23) [1P:data/op-db/src/core_db/db.rs:927] Updated DB Schema to version 025
INFO  2024-07-15T01:52:32.285 ThreadId(23) [1P:data/op-db/src/core_db/db.rs:1041] Updated DB Schema to version 026
INFO  2024-07-15T01:52:32.287 ThreadId(23) [1P:data/op-db/src/core_db/db.rs:1055] Updated DB Schema to version 027
INFO  2024-07-15T01:52:32.289 ThreadId(23) [1P:data/op-db/src/core_db/db.rs:1069] Updated DB Schema to version 028
INFO  2024-07-15T01:52:32.290 ThreadId(23) [1P:data/op-db/src/core_db/db.rs:1083] Updated DB Schema to version 029
INFO  2024-07-15T01:52:32.290 ThreadId(23) [1P:data/op-db/src/core_db/db.rs:1097] Updated DB Schema to version 030
INFO  2024-07-15T01:52:32.291 ThreadId(23) [1P:data/op-db/src/core_db/db.rs:1110] Updated DB Schema to version 031
INFO  2024-07-15T01:52:32.292 ThreadId(23) [1P:data/op-db/src/common/mod.rs:120] Resources DB Table Integrity Check Succeeded
INFO  2024-07-15T01:52:32.292 ThreadId(23) [1P:data/op-db/src/common/mod.rs:134] Resources DB Integrity Check Succeeded
INFO  2024-07-15T01:52:32.292 ThreadId(23) [1P:data/op-db/src/resources_db/db.rs:134] Starting Resources DB at version: 0
INFO  2024-07-15T01:52:32.292 ThreadId(23) [1P:data/op-db/src/resources_db/db.rs:142] Resources Database is being created at '/home/$USER/.config/1Password/1password_resources.sqlite' (sqlite: 3045000)
INFO  2024-07-15T01:52:32.296 ThreadId(23) [1P:data/op-db/src/resources_db/db.rs:247] Updated DB Schema to version 001
INFO  2024-07-15T01:52:32.297 ThreadId(23) [1P:ssh/op-ssh-config/src/lib.rs:324] agent not configured
INFO  2024-07-15T01:52:32.298 ThreadId(23) [1P:native-messaging/op-nm-installer/src/nix_utils.rs:48] Creating manifest directory for Chromium at /home/$USER/.config/google-chrome/NativeMessagingHosts
INFO  2024-07-15T01:52:32.298 ThreadId(23) [1P:native-messaging/op-nm-installer/src/nix_utils.rs:68] Created NMH manifest at /home/$USER/.config/google-chrome/NativeMessagingHosts/com.1password.1password.json
INFO  2024-07-15T01:52:32.298 ThreadId(23) [1P:native-messaging/op-nm-installer/src/nix_utils.rs:48] Creating manifest directory for Chromium at /home/$USER/.config/google-chrome-beta/NativeMessagingHosts
INFO  2024-07-15T01:52:32.298 ThreadId(23) [1P:native-messaging/op-nm-installer/src/nix_utils.rs:68] Created NMH manifest at /home/$USER/.config/google-chrome-beta/NativeMessagingHosts/com.1password.1password.json
INFO  2024-07-15T01:52:32.298 ThreadId(23) [1P:native-messaging/op-nm-installer/src/nix_utils.rs:48] Creating manifest directory for Chromium at /home/$USER/.config/google-chrome-unstable/NativeMessagingHosts
INFO  2024-07-15T01:52:32.298 ThreadId(23) [1P:native-messaging/op-nm-installer/src/nix_utils.rs:68] Created NMH manifest at /home/$USER/.config/google-chrome-unstable/NativeMessagingHosts/com.1password.1password.json
INFO  2024-07-15T01:52:32.298 ThreadId(23) [1P:native-messaging/op-nm-installer/src/nix_utils.rs:48] Creating manifest directory for Chromium at /home/$USER/.config/chromium/NativeMessagingHosts
INFO  2024-07-15T01:52:32.298 ThreadId(23) [1P:native-messaging/op-nm-installer/src/nix_utils.rs:68] Created NMH manifest at /home/$USER/.config/chromium/NativeMessagingHosts/com.1password.1password.json
INFO  2024-07-15T01:52:32.298 ThreadId(23) [1P:native-messaging/op-nm-installer/src/nix_utils.rs:48] Creating manifest directory for Chromium at /home/$USER/.config/microsoft-edge-dev/NativeMessagingHosts
INFO  2024-07-15T01:52:32.298 ThreadId(23) [1P:native-messaging/op-nm-installer/src/nix_utils.rs:68] Created NMH manifest at /home/$USER/.config/microsoft-edge-dev/NativeMessagingHosts/com.1password.1password.json
INFO  2024-07-15T01:52:32.298 ThreadId(23) [1P:native-messaging/op-nm-installer/src/nix_utils.rs:48] Creating manifest directory for Chromium at /home/$USER/.config/BraveSoftware/Brave-Browser/NativeMessagingHosts
INFO  2024-07-15T01:52:32.298 ThreadId(23) [1P:native-messaging/op-nm-installer/src/nix_utils.rs:68] Created NMH manifest at /home/$USER/.config/BraveSoftware/Brave-Browser/NativeMessagingHosts/com.1password.1password.json
INFO  2024-07-15T01:52:32.298 ThreadId(23) [1P:native-messaging/op-nm-installer/src/nix_utils.rs:48] Creating manifest directory for Chromium at /home/$USER/.config/vivaldi/NativeMessagingHosts
INFO  2024-07-15T01:52:32.298 ThreadId(23) [1P:native-messaging/op-nm-installer/src/nix_utils.rs:68] Created NMH manifest at /home/$USER/.config/vivaldi/NativeMessagingHosts/com.1password.1password.json
INFO  2024-07-15T01:52:32.298 ThreadId(23) [1P:native-messaging/op-nm-installer/src/nix_utils.rs:48] Creating manifest directory for Chromium at /home/$USER/.config/vivaldi-snapshot/NativeMessagingHosts
INFO  2024-07-15T01:52:32.298 ThreadId(23) [1P:native-messaging/op-nm-installer/src/nix_utils.rs:68] Created NMH manifest at /home/$USER/.config/vivaldi-snapshot/NativeMessagingHosts/com.1password.1password.json
INFO  2024-07-15T01:52:32.299 ThreadId(23) [1P:native-messaging/op-nm-installer/src/nix_utils.rs:48] Creating manifest directory for Firefox at /home/$USER/.mozilla/native-messaging-hosts
INFO  2024-07-15T01:52:32.299 ThreadId(23) [1P:native-messaging/op-nm-installer/src/nix_utils.rs:68] Created NMH manifest at /home/$USER/.mozilla/native-messaging-hosts/com.1password.1password.json
INFO  2024-07-15T01:52:32.299 ThreadId(23) [1P:native-messaging/op-nm-installer/src/nix_utils.rs:83] Successfully installed all native messaging manifests.
INFO  2024-07-15T01:52:32.299 tokio-runtime-worker(ThreadId(18)) [1P:native-messaging/op-native-core-integration/src/lib.rs:332] Starting IPC listener on 1Password-BrowserSupport
ERROR 2024-07-15T01:52:32.299 ThreadId(23) [1P:ffi/op-core-node/src/lib.rs:405] Io(Os { code: 2, kind: NotFound, message: "No such file or directory" })
INFO  2024-07-15T01:52:32.299 tokio-runtime-worker(ThreadId(18)) [1P:native-messaging/op-native-core-integration/src/lib.rs:344] Active native core integration is awaiting messages
INFO  2024-07-15T01:52:32.299 tokio-runtime-worker(ThreadId(15)) [1P:ssh/op-agent-controller/src/lib.rs:502] Starting filesystem watcher for SSH agent configuration directories...
ERROR 2024-07-15T01:52:32.299 tokio-runtime-worker(ThreadId(15)) [1P:/builds/dev/core/core/ssh/op-agent-controller/src/lib.rs:503] Io(Os { code: 2, kind: NotFound, message: "No such file or directory" })
ERROR 2024-07-15T01:52:32.372 ThreadId(23) [client:typescript] Could not load window state.
INFO  2024-07-15T01:55:45.355 tokio-runtime-worker(ThreadId(10)) [1P:app/op-app/src/app/backend/frontend.rs:26] Front end event: window closed
INFO  2024-07-15T02:06:35.806 tokio-runtime-worker(ThreadId(10)) [1P:op-b5-client/src/internal/unauthorized_session.rs:855] Registered device xyubv4lviz4j7f2s57aoezr7ay
INFO  2024-07-15T02:06:37.211 tokio-runtime-worker(ThreadId(10)) [1P:op-b5-client/src/internal/unauthorized_session.rs:1053] Skipping MFA because server did not return MFA config
INFO  2024-07-15T02:06:37.212 tokio-runtime-worker(ThreadId(18)) [1P:data/op-add-account/src/first_sync.rs:476] starting initial account sync
INFO  2024-07-15T02:06:53.527 tokio-runtime-worker(ThreadId(10)) [1P:op-syncer/src/sync_job.rs:360] synced account AVDJOU2X2NCTFCISHHVO5Q4N4M (16.315026752s)
INFO  2024-07-15T02:06:53.765 tokio-runtime-worker(ThreadId(1)) [1P:/builds/dev/core/core/data/ext/op-account-ext-settings-authentication/src/lib.rs:213] loaded settings authentication key: none
INFO  2024-07-15T02:06:53.766 tokio-runtime-worker(ThreadId(13)) [1P:data/ext/op-account-ext-items/src/lib.rs:265] loaded 0 items in 39 vaults for account: AVDJOU2X2NCTFCISHHVO5Q4N4M
INFO  2024-07-15T02:06:53.767 tokio-runtime-worker(ThreadId(8)) [1P:app/op-app/src/app/backend/frontend_initialized.rs:240] starting refresher task during initial account sign-in
INFO  2024-07-15T02:06:53.767 tokio-runtime-worker(ThreadId(18)) [1P:app/op-app/src/app/backend/frontend_initialized.rs:249] refreshing ui for pending sign-in
INFO  2024-07-15T02:06:53.768 tokio-runtime-worker(ThreadId(13)) [1P:data/ext/op-account-ext-settings-authentication/src/lib.rs:332] No and/or corrupt account setting authentication key, generating a new one.
INFO  2024-07-15T02:06:53.768 tokio-runtime-worker(ThreadId(13)) [1P:data/ext/op-account-ext-settings-authentication/src/lib.rs:356] applying setting authentication key (25f00be01c60b5b3) to account (AVDJOU2X2NCTFCISHHVO5Q4N4M).
INFO  2024-07-15T02:06:53.768 tokio-runtime-worker(ThreadId(13)) [1P:op-settings/src/store/json_store.rs:685] initializing settings authentication with key 25f00be01c60b5b3
INFO  2024-07-15T02:06:53.768 tokio-runtime-worker(ThreadId(13)) [1P:op-settings/src/store/json_store.rs:117] Settings file "/home/$USER/.config/1Password/settings/settings.json" missing, using defaults.
INFO  2024-07-15T02:06:53.768 tokio-runtime-worker(ThreadId(8)) [1P:app/op-app/src/app/backend/unlock.rs:149] Lock state changed: Unlocked
INFO  2024-07-15T02:06:53.773 tokio-runtime-worker(ThreadId(18)) [1P:op-telemetry/src/middleware/opt_state.rs:112] op-telemetry: account uuid 'AVDJOU2X2NCTFCISHHVO5Q4N4M' changed telemetry state to Decided(In)
INFO  2024-07-15T02:06:54.870 tokio-runtime-worker(ThreadId(10)) [1P:data/ext/op-account-ext-syncer/src/lib.rs:236] The B5 Notifier for (AVDJOU2X2NCTFCISHHVO5Q4N4M) has connected, now monitoring for events.
INFO  2024-07-15T02:06:55.055 tokio-runtime-worker(ThreadId(13)) [1P:app/op-app/src/app/backend/unlock.rs:171] Processing unlocked account AVDJOU2X2NCTFCISHHVO5Q4N4M
INFO  2024-07-15T02:06:58.768 tokio-runtime-worker(ThreadId(8)) [1P:app/op-app/src/app/backend/frontend_initialized.rs:249] refreshing ui for pending sign-in
INFO  2024-07-15T02:07:01.413 ThreadId(23) [client:typescript] Settings file changed.
INFO  2024-07-15T02:07:03.768 tokio-runtime-worker(ThreadId(8)) [1P:app/op-app/src/app/backend/frontend_initialized.rs:249] refreshing ui for pending sign-in
INFO  2024-07-15T02:07:04.996 tokio-runtime-worker(ThreadId(8)) [1P:data/op-account-system-unlock/src/lib.rs:684] Adding system unlock key. Verifying keysets can be decrypted.
INFO  2024-07-15T02:07:04.997 tokio-runtime-worker(ThreadId(8)) [1P:data/op-account-system-unlock/src/lib.rs:690] Adding system unlock key. Encrypting muk.
INFO  2024-07-15T02:07:04.997 ThreadId(27) [1P:data/op-account-system-unlock/src/lib.rs:696] Adding system unlock key. Updating account.
INFO  2024-07-15T02:07:08.768 tokio-runtime-worker(ThreadId(13)) [1P:app/op-app/src/app/backend/frontend_initialized.rs:249] refreshing ui for pending sign-in
INFO  2024-07-15T02:07:11.756 tokio-runtime-worker(ThreadId(10)) [1P:op-syncer/src/sync_job.rs:360] synced account AVDJOU2X2NCTFCISHHVO5Q4N4M (17.988991711s)
INFO  2024-07-15T02:07:11.757 tokio-runtime-worker(ThreadId(13)) [1P:data/op-file-transfer/src/lib.rs:602] find_and_complete_pending_uploads: 'AVDJOU2X2NCTFCISHHVO5Q4N4M'
INFO  2024-07-15T02:07:11.757 tokio-runtime-worker(ThreadId(2)) [1P:app/op-app/src/app/backend/frontend_initialized.rs:254] shutting down refresher task
ERROR 2024-07-15T02:07:12.062 tokio-runtime-worker(ThreadId(13)) [1P:app/op-app/src/app/backend/watchtower.rs:731] watchtower report generation failed: FetchError(<unknown reason>, code: HttpStatus(404), Session ID: Some(Session ID: GD5J6I5IUNESNLXZY6PQRSPC54))
INFO  2024-07-15T02:07:12.493 tokio-runtime-worker(ThreadId(10)) [1P:op-syncer/src/sync_job.rs:360] synced account AVDJOU2X2NCTFCISHHVO5Q4N4M (0.736187209s)
ERROR 2024-07-15T02:07:12.806 tokio-runtime-worker(ThreadId(2)) [1P:app/op-app/src/app/backend/watchtower.rs:731] watchtower report generation failed: FetchError(<unknown reason>, code: HttpStatus(404), Session ID: Some(Session ID: GD5J6I5IUNESNLXZY6PQRSPC54))
INFO  2024-07-15T02:13:14.284 tokio-runtime-worker(ThreadId(10)) [1P:op-syncer/src/sync_job.rs:360] synced account AVDJOU2X2NCTFCISHHVO5Q4N4M (1.756075283s)
ERROR 2024-07-15T02:13:14.960 tokio-runtime-worker(ThreadId(18)) [1P:app/op-app/src/app/backend/watchtower.rs:731] watchtower report generation failed: FetchError(<unknown reason>, code: HttpStatus(404), Session ID: Some(Session ID: GD5J6I5IUNESNLXZY6PQRSPC54))
INFO  2024-07-15T02:13:45.982 tokio-runtime-worker(ThreadId(10)) [1P:app/op-app/src/app/backend/frontend.rs:26] Front end event: window closed
INFO  2024-07-15T02:29:43.564 ThreadId(78) [1P:op-auto-lock/src/linux.rs:467] X screensaver event detected
INFO  2024-07-15T02:29:43.568 tokio-runtime-worker(ThreadId(2)) [1P:app/op-app/src/app/backend/lock.rs:131] Lock state changed: Locked
INFO  2024-07-15T02:29:43.568 tokio-runtime-worker(ThreadId(2)) [1P:app/op-app/src/app/backend/lock.rs:159] Locked. Reason: Automatic(ScreenSaverActivated).
INFO  2024-07-15T06:14:08.533 tokio-runtime-worker(ThreadId(6)) [1P:app/op-app/src/app/backend/frontend.rs:57] Front end event: app will quit
WARN  2024-07-15T06:14:08.533 tokio-runtime-worker(ThreadId(6)) [1P:op-invocation/src/lib.rs:498] shutdown requested!
INFO  2024-07-15T06:14:08.533 tokio-runtime-worker(ThreadId(6)) [1P:app/op-app/src/app/shutdown.rs:81] starting app shutdown
INFO  2024-07-15T06:14:08.533 tokio-runtime-worker(ThreadId(6)) [1P:app/op-app/src/app/shutdown.rs:143] running shutdown hook: /builds/dev/core/core/app/op-app/src/app.rs:964
INFO  2024-07-15T06:14:08.635 ThreadId(27) [1P:data/op-db-queue/src/lib.rs:197] db shutdown requested
INFO  2024-07-15T06:14:08.635 ThreadId(27) [1P:data/op-db-queue/src/lib.rs:205] closing dbs
INFO  2024-07-15T06:14:08.644 ThreadId(27) [1P:data/op-db-queue/src/lib.rs:211] db queue worker exiting
INFO  2024-07-15T06:14:08.644 tokio-runtime-worker(ThreadId(11)) [1P:app/op-app/src/app/shutdown.rs:116] app shutdown complete
ERROR 2024-07-15T06:14:08.644 tokio-runtime-worker(ThreadId(11)) [1P:/builds/dev/core/core/ui/op-routes/src/lib.rs:489] Closed
