[6/30/2024, 3:45:52 PM] LEGENDARY_CONFIG_PATH=/home/sith/.config/heroic/legendaryConfig/legendary /opt/Heroic/resources/app.asar.unpacked/build/bin/linux/legendary --version
legendary version "0.20.34", codename "Direct Intervention"
[6/30/2024, 3:47:11 PM] LEGENDARY_CONFIG_PATH=/home/sith/.config/heroic/legendaryConfig/legendary /opt/Heroic/resources/app.asar.unpacked/build/bin/linux/legendary auth --code <redacted>
[cli] INFO: Testing existing login data if present...
[cli] INFO: Successfully logged in as "User-3fe371d93b"
[6/30/2024, 3:47:13 PM] LEGENDARY_CONFIG_PATH=/home/sith/.config/heroic/legendaryConfig/legendary /opt/Heroic/resources/app.asar.unpacked/build/bin/linux/legendary list --third-party
[cli] INFO: Logging in...
[Core] INFO: Trying to re-use existing login session...
[cli] INFO: Getting game list... (this may take a while)
[Core] INFO: Fetching metadata for 161 app(s).

Available games:
 * 3 out of 10, EP 2: "Foundation 101" (App name: 1317e4e3b3ed40c289dde85b194347d3 | Version: R02_S01_E02_V007_CL16693)
 * A Plague Tale: Innocence (App name: e0fa47ae79514345823bff209ae29451 | Version: EGS_1.08.4)
 * Absolute Drift (App name: 19927295d6e3467887d4e830d8c85963 | Version: Win_202306231055)
 * ABZU (App name: Curry | Version: 1.0)
 * AER Memories of Old (App name: 26b63c46de9e4dcc856b3c6b106b6777 | Version: 1.0.4.1)
 * Against All Odds (App name: ad8aff099d2a445599f9797a24e9ff93 | Version: 1.3.5)
 * Alien: Isolation (App name: 8935bb3e1420443a9789fe01758039a5 | Version: 1.0RC5.284847.51533)
 * Amnesia: Rebirth (App name: f59de18db4dc445f88ffeff24d081234 | Version: 1.42)
 * ARK: Survival Evolved (App name: aafc587fbf654758802c8e41e4fb3255 | Version: 358.26.win)
 * Astro Duel 2 (App name: e3c0d11648554383b33da58d075fd101 | Version: 59)
 * Aztez (App name: Grunt | Version: 1.2-aeeb6200374fc01a6a51c3006846a350febeb243.21-Win)
 * Bloons TD 6 (App name: 7786b355a13b47a6b3915335117cd0b2 | Version: 43.3.8118)
 * Borderlands 2 (App name: Dodo | Version: 2.0.2_BN347_CL2863302)
 * Borderlands: The Pre-Sequel (App name: Turkey | Version: 2.0.2_BN160_CL2863302)
 * Brothers - A Tale of Two Sons (App name: Tamarind | Version: 1.1)
 * Call of the Wild: The Angler™ (App name: fe4168b810314c2fb93f1803e2fe431e | Version: tortoise_delivery_2788322_2788322)
 * Cat Quest (App name: 051eaac0842c46d7a5a62858ad534d5a | Version: 1.4)
 * Cat Quest II (App name: 6a2cc8b03e684bbd9096a338f96a7ba2 | Version: 1.0.1)
 * Cave Story+ (App name: 1dea8a6ddb544842a58e4b5c8675ff58 | Version: 1.1)
 * Chivalry 2 (App name: Peppermint | Version: 257742+4847)
 * Chivalry 2 - Public Testing (App name: ca02598c9a5c4d5491d6431ce8e8d6e7 | Version: 250491+4716)
 * Cities Skylines (App name: bcbc03d8812a44c18f41cf7d5f849265 | Version: 1.17.1-f4-fixed)
 * Control (App name: Calluna | Version: 01.13)
 * Cook, Serve, Delicious! 3?! (App name: 680599141dc14accb456887a2be3ac0c | Version: 1.1)
 * Cyberpunk 2077 (App name: Ginger | Version: Build_5044915Change_6623767_RL_LM)
  + Cyberpunk 2077 - REDmod (App name: 02855a2f4c044aa1a813b19f8c447fe1 | Version: Build_5044915Change_6623767_RL_LM_RedMod)
 * Cyberpunk 2077 Bonus Content (App name: 81ed1e946da54050af4b3be7774ea038 | Version: 1.01)
 * DAEMON X MACHINA (App name: f4f0d39fbb4640e0be62aa91d9eca87d | Version: 1.0.6)
 * Dakar Desert Rally (App name: 4aff63ad39cb4fe7a61720d59a4cebc6 | Version: 2.3.420)
 * Dandara: Trials of Fear Edition (App name: c35b9699c4e24c56976b5bd8eceba464 | Version: 1.4.11-pc)
 * Dark Deity (App name: e21be436768f4add87d4935a180b4932 | Version: 1.58)
 * Darkest Dungeon® (App name: 36cbf259e631478eaac6ea244e55a709 | Version: 25681.8)
  + Darkest Dungeon®: The Musketeer (App name: e9c881bda9744b3b8513cd5419565a0d | Version: 25681.8)
 * Dauntless (App name: Jackal | Version: 1.14.7.647472)
 * Death Stranding (App name: Boga | Version: 2742586.206.1)
 * Death Stranding Content (App name: 5bf67f3153364181b54cb9e40ca7fa82 | Version: 1.01)
  + DEATH STRANDING DIGITAL SOUNDTRACK (App name: 84067e3ec8f149b2bbf2342d7a136065 | Version: 1.02)
  + HD Wallpaper (App name: f8bf1e29bbef480a9b28115ad0d644a0 | Version: 1.02)
  + SELECTIONS OF TITAN ART BOOK (App name: c311b22f878749449886949eeb588999 | Version: 1.01)
 * Defense Grid: The Awakening (App name: a434dcb20f0d439b93aaa31dac9e3210 | Version: 1.263117)
 * Deus Ex - Mankind Divided (App name: 2eaba703e63e4ed8bd2919ed552021d6 | Version: DXMD_EPIC_1.05)
 * DNF Duel (App name: 82cdbdf05c61474d89c4f9e8a8bf0ea4 | Version: 1.8.1-0)
 * Dragon Age: Inquisition – Game of the Year Edition (App name: verdi | Version: v01.00)
 * Dying Light 2 Stay Human - Reloaded Edition (App name: Redstart | Version: 1.17.0_4891830_fix1)
  + Dying Light 2 Stay Human: Bloody Ties (App name: b7d4f369da144f15a518e7cd9302c6b7 | Version: 1.17.0_4891830_fix1_dlc_opera)
 * EARTHLOCK (App name: 4a4ffcf1a8354008bcc3b28280dd2419 | Version: Windows.0.1.1_dev_7_Win64)
 * Elite Dangerous (App name: 9c203b6ed35846e8a4a9ff1e314f6593 | Version: 3.8.289583-1.7.6974)
 * Evil Dead The Game (App name: 5c147002780d4e6eb292f54edfe73fda | Version: S2117_Patch20)
 * Fall Guys (App name: 0a2d9f6403244d12969e11da6713137b | Version: EGS_6997)
 * Fallout: New Vegas (App name: 5daeb974a22a435988892319b3a4f476 | Version: 0.0.0.15)
  + Fallout New Vegas: Courier's Stash (App name: ee9a44b4530942499ef1c8c390731fce | Version: 0.0.0.3)
  + Fallout New Vegas®: Dead Money (App name: b290229eb58045cbab9501640f3278f3 | Version: 0.0.0.2)
  + Fallout New Vegas®: Gun Runners’ Arsenal™ (App name: 7dcfb9cd9d134728b2646466c34c7b3b | Version: 0.0.0.2)
  + Fallout New Vegas®: Honest Hearts (App name: 562d4a2c1b3147b089a7c453e3ddbcbe | Version: 0.0.0.4)
  + Fallout New Vegas®: Lonesome Road™ (App name: 4fa3d8d9b2cb4714a19a38d1a598be8f | Version: 0.0.0.2)
  + Fallout New Vegas®: Old World Blues (App name: c8dae1ab0570475a8b38a9041e614840 | Version: 0.0.0.3)
 * Farming Simulator 22 (App name: f452ea20ae1b43698209998b56c2cc1c | Version: 1.14.0.0_FarmP_1_1_win_b29250_r86546)
 * Figment (App name: ed5e8d42b2ac461eb6f9176d163b9515 | Version: v1.4.0_2020-03-29_3ceaeed)
 * Filament (App name: 14a38161ad3c45adab18425415b5df3d | Version: 1.21)
 * Fortnite (App name: Fortnite | Version: ++Fortnite+Release-30.20-CL-34597766-Windows)
 * Galactic Civilizations III (App name: 5f1c66366b2c4a6496d535d88c56e6cf | Version: v4.52.368416)
 * Galactic Civilizations III (Test branch) (App name: 8931f79300d04c5889799bffc8ef70bd | Version: v4.52.368416)
 * Genshin Impact (App name: 41869934302e4b8cafac2d3c0e7c293d | Version: 91)
 * Ghostrunner (App name: ea8df71f923649a193ab1c1fded7e1b3 | Version: 42507)
 * Ghostwire Tokyo (App name: 007ff8f4e30845a687e66aa77eb3e965 | Version: CL642509-A)
 * Gloomhaven (App name: 1bcd791d54684eb29ed32ad1c0593d12 | Version: 1.1.8307.0)
 * Grand Theft Auto V (App name: 9d2d0eb64d5c44529cece33fe2a46482 | Version: 1.0.3258.0)
 * Guacamelee! 2 (App name: fab83c3bf3d449718e042d44369e7fb6 | Version: Guac2_07-07-2023_17-30-36+36)
 * Guacamelee! Super Turbo Championship Edition (App name: 25b902f42cf04b17bc8a3db2f7292d58 | Version: GuacSTCE_29-06-2023_16-43-23+66)
 * Guild of Dungeoneering (App name: b8bdc716e79e461bbf161d99f842f29a | Version: 0.02)
 * Hand of Fate 2 (App name: 808f0dfbf3b84c2680793724d7f207bf | Version: 1.9.91_54131_Win64_Live)
 * Hello Neighbor (App name: Ursus | Version: 1.4.1)
 * Honkai Impact 3rd (App name: 0dc22b543a40440fab5a98d1e40c02c1 | Version: 2.33.7.1)
 * Horizon Chase Turbo (App name: bb406082b69a47208489d3616b22b5c2 | Version: 2.0.202311091807)
 * Idle Champions of the Forgotten Realms (App name: 40cb42e38c0b4a14a1bb133eb3291572 | Version: IdleDragons583164Live)
 * INDUSTRIA (App name: 78903903b1f1419bae248467f27ff470 | Version: 1.3.2)
 * Infinifactory (App name: c7b3c16f56cb45abbfd915d59fd39689 | Version: 1.0.13)
 * Inside (App name: Marigold | Version: 1.0.0)
 * Insurmountable (App name: 8b556e7471ac46eda46445d93fa2e73f | Version: 2.0.7.3)
 * Invincible Presents: Atom Eve (App name: ef50503adc284a8ba65d4dea1ecce91a | Version: 1.0.25523)
 * Islets (App name: 5e37739a766b4457981d2992f93ac72c | Version: 1.03)
 * Jurassic World Evolution (App name: 373a4372c20540aca7fdd880d27fa49a | Version: 1.12.7.54973)
 * Kao the Kangaroo (App name: 7763cb8916654651a50593a813ae7c38 | Version: 1.6.0)
 * KID A MNESIA EXHIBITION (App name: 33411619626243f1859d0b7fb5cc5405 | Version: 0.0333.012725)
 * LISA: The Joyful - Definitive Edition (App name: a42a95a46dc942318350cd4d0ee3163b | Version: 1.5_4)
 * LISA: The Painful - Definitive Edition (App name: ee6a6b5ad66e4d94abe462ba331ddc4b | Version: 1.5_2)
 * Loop Hero (App name: f7a0ebb44f93430fb1c4388a395eba96 | Version: 11054)
 * Maneater (App name: Turtle | Version: 43151315)
 * Marvel's Guardians of the Galaxy (App name: 63a665088eb1480298f1e57943b225d8 | Version: 2984448)
  + Marvel's Guardians of the Galaxy: Social-Lord Outfit (App name: 9596620d263b40c083ddf1f0c662c8ff | Version: 2978210)
 * Marvel's Midnight Suns (App name: 49550aa9fcd74552ae07c4e9f2c262fe | Version: 1.0.0.930465)
 * Metro 2033 Redux (App name: Petunia | Version: 0.1.0.0)
 * Midnight Ghost Hunt (App name: 456f53b28c384f02865874299f956501 | Version: 1.1.1)
 * MudRunner (App name: Bulbul | Version: 0.8.1)
 * Murder by Numbers (App name: 2c3dd568cada4c229753f550a44dcf2b | Version: 1.01)
 * My Time at Portia (App name: Cobra | Version: 2.0.20210813)
 * NBA 2K21 (App name: 639977eecfd2497c941b71af949b5067 | Version: 1.12.135040)
 * Never Alone (Kisima Ingitchuna) (App name: f38de9fa4c6d43eabac080942cb394a1 | Version: NeverAlone-Win-1.2.8)
 * Night in the Woods (App name: cd1b8a6e5b6c47369e2a1e2cf7b7f536 | Version: 406.Win64)
 * Nioh: The Complete Edition (App name: b5e42b0dc2f544a5bbb4080a433b8b71 | Version: Ver1.24.08.57450)
 * Oddworld: New 'n' Tasty (App name: 7c566548d24343e48151125ced4b494c | Version: Epic 1.0)
 * Orcs Must Die! 3 (App name: 3047a2d268da49588bbd22c806cde4de | Version: 1.2.5.6)
 * Out of Line (App name: 6b994d7f4f2a4e85a54d5c2ede6d2fed | Version: 1.0.5)
 * Overcooked (App name: Sage | Version: 1.0)
 * Pillars of Eternity - Definitive Edition (App name: bcc75c246fe04e45b0c1f1c3fd52503a | Version: 1.0.12)
  + Pillars of Eternity - Definitive Edition Pack (App name: 8e975c15166a4a1ca28d65fdfa411248 | Version: 1.0.0)
 * Railway Empire (App name: 8cf7c6b964514532ad8284a376a517bf | Version: 1.14.2.27630)
 * Redout 2 (App name: 16a37a0080e3414aafb30f1cc8390f6c | Version: 7c9c7c-S-D-P)
 * Remnant: From the Ashes (App name: b4a0d2d15acb4db894a599b810297543 | Version: Remnant_Win64_Shipping_275957)
 * Rise of the Tomb Raider: 20 Year Celebration (App name: f7cc1c999ac146f39b356f53e3489514 | Version: TR2_30112021_1027.0_1224023_303770_132827583431143041_)
 * Rising Storm 2: Vietnam (App name: Tern | Version: 20210514-403690-36)
 * Riverbond (App name: 087f062df2574091a67fe614a6ec15a4 | Version: 22)
 * Rocket League® (App name: Sugar | Version: BC2_Update51+453196)
 * Rogue Company (App name: Pewee | Version: 1787)
 * RollerCoaster Tycoon® 3: Complete Edition (App name: 281a47e363284108b82bf05c1a612145 | Version: 3.2.5.13)
 * Sail Forth (App name: 11ba63f98ce94a38b631104a12c7adab | Version: Win_2024-02-07_13-13-35)
 * Season 3 starter kit (App name: aa | Version: None)
  ! No version information (unknown cause)
 * Shadow of the Tomb Raider: Definitive Edition (App name: 890d9cf396d04922a1559333df419fed | Version: TR11_10072023_492.0_1227914_740629_133334955480774690_)
 * Sheltered (App name: b9af0845f9d64b0d9e851d9811141f67 | Version: 123)
 * Sid Meier's Civilization VI (App name: Kinglet | Version: 1.0.12.951533_nebraska_update1_Kinglet)
  + Civilization VI : Aztec DLC (App name: KingletAztec | Version: 1.0.12.951533_nebraska_update1_KingletAztec)
 * Sludge Life (App name: Morganite | Version: V201003)
 * Speed Brawl (App name: 6ffe878bb1ce490ba6d3a359a1f88df2 | Version: 1.5-cbf526615d)
 * Spellbreak (App name: Newt | Version: release.15196-7866)
 * Spelldrifter (App name: a2b2ed0324c44902b9058e23dedc76e3 | Version: 26974)
 * Spirit of the North (App name: d2d941e5c1ec44ae9e87e9e7cdddf1dd | Version: 4.4.0)
 * STAR WARS™ Battlefront™ II: Celebration Edition (App name: MtMassive | Version: None)
  - This game has to be activated, installed, and launched via Origin, use "legendary launch --origin MtMassive" to activate and/or run the game.
 * Stranger Things 3: The Game (App name: 0a697c1235fb4706a635cfa33f0306ec | Version: 857)
 * Sunless Skies: Sovereign Edition (App name: b979fad811c64939af282f5892049b50 | Version: 2.0.5.6e8c8ff-a-Windows)
 * Super Meat Boy Forever (App name: Moose | Version: 6755.1848.1962.152)
 * Surviving Mars (App name: Ovenbird | Version: 1.5_Fuglesang.1011166-Windows)
 * Surviving the Aftermath (App name: Muscovy | Version: 1.25.0.2775)
 * Tharsis (App name: 266d978cc221471787b597695cbb9a75 | Version: 1.03)
 * The Alto Collection (App name: Hornbill | Version: Win_202301311530)
 * The Big Con (App name: 573b2b742fa04eda83ea73cb17d7abc0 | Version: TBC_DRM_1.6.18)
 * The Bridge (App name: Sunbird | Version: Win_2024-04-25_12-21-21)
 * The Captain (App name: f00b5acabb0f49a7b49e8350d1cd0de0 | Version: 1.1.4_win)
 * The Dungeon Of Naheulbeuk: The Amulet Of Chaos (App name: 02fac38ee2614c8ba276b1ea7c1acd7c | Version: Windows_1.5_575_47857)
 * The Elder Scrolls Online (App name: 4d0ff75b922447649057c237c0bd1545 | Version: EGSStarter_v2.9a_d6_live_public)
 * The Forest Quartet (App name: dbb0b84f31244c7584490d205b74010c | Version: 4.0.0c)
 * The Long Dark (App name: ed93b18355a84230938c705121c63661 | Version: Windows_136986)
  + The Long Dark: Wintermute (App name: 87441b64c6d746b7a7c90017c227dd0c | Version: Windows_WM_135958)
 * The Messenger (App name: Jay | Version: 2.0.2.4)
 * The Outer Worlds: Spacer's Choice Edition (App name: cb3bf7ba89574a66ae3b795e039d4dbc | Version: 0.0.0.6415)
 * The Sims™ 4 (App name: huddle | Version: None)
  - This game has to be activated, installed, and launched via Origin, use "legendary launch --origin huddle" to activate and/or run the game.
 * The World Next Door (App name: 39a0313492c84cf79b119efb09df90e5 | Version: 1.2.1p)
 * theHunter: Call of the Wild™ (App name: 4f0c34d469bb47b2bcf5b377f47ccfe3 | Version: 0.0.11)
 * Thief (App name: 4123bcce398b4b1d8b9ef878f81055d1 | Version: TH4_EPIC_1.7.0.5)
 * Tom Clancy's The Division 2 (App name: Impala | Version: TU1.8)
  - This game can be activated directly on your Ubisoft account and does not require legendary to install/run. Use "legendary activate --uplay" and follow the instructions.
 * Tomb Raider GAME OF THE YEAR EDITION (App name: d6264d56f5ba434e91d4b0a0b056c83a | Version: TRAS_15112021_838.0_1224060,275025(132814434654404397))
 * Torchlight II (App name: 8e425d507bd6473dbb927f0fea8ef4f6 | Version: 1.25.9.5)
 * Tormentor X Punisher (App name: Goby | Version: txp12)
 * Trackmania Starter Access (App name: Pigeon | Version: 1.3)
  - This game can be activated directly on your Ubisoft account and does not require legendary to install/run. Use "legendary activate --uplay" and follow the instructions.
 * Train Valley 2 (App name: a617890cec1542d6ba760ba13f79225e | Version: 1.6.8.8)
 * Tropico 5 (App name: e4867c438f854da5a1d1f8c8609cac22 | Version: 197114[Windows])
  + Map Pack (App name: 8b5f1c51be3844bab51e2ee1089839f5 | Version: 197106[Windows])
 * Tyranny - Gold Edition (App name: 36b0e40890f147fbb1e3965f87369156 | Version: 1.0.21)
  + Tyranny - Gold Edition Pack (App name: 4d374e0805dc42bfb78c0ceb24bd1085 | Version: 1.0.0)
 * Unrailed (App name: 76233c0af0a441c7bd541e7d7ab3cde1 | Version: 2.1-bea80b268_3)
 * Unreal Tournament (App name: UnrealTournamentDev | Version: None)
  ! No version information (unknown cause)
 * Where The Water Tastes Like Wine (App name: e8964b869b6849bea41eefec766cd665 | Version: 1.0)
 * Windbound (App name: a95bf4df6627431ca5baff8173c59635 | Version: 1.3.40746.206)
 * Wolfenstein: The New Order (App name: a64dcf9b711a4a60a3c0b6f052dfc7da | Version: 1.3.1)
 * World War Z (App name: Wombat | Version: 2.27)
 * XCOM 2 (App name: 3be3c4d681bc46b3b8b26c5df3ae0a18 | Version: 1.0.1_CL-870730)

Total: 147
[6/30/2024, 3:47:23 PM] LEGENDARY_CONFIG_PATH=/home/sith/.config/heroic/legendaryConfig/legendary /opt/Heroic/resources/app.asar.unpacked/build/bin/linux/legendary list --third-party
[cli] INFO: Logging in...
[Core] INFO: Trying to re-use existing login session...
[cli] INFO: Getting game list... (this may take a while)

Available games:
 * 3 out of 10, EP 2: "Foundation 101" (App name: 1317e4e3b3ed40c289dde85b194347d3 | Version: R02_S01_E02_V007_CL16693)
 * A Plague Tale: Innocence (App name: e0fa47ae79514345823bff209ae29451 | Version: EGS_1.08.4)
 * Absolute Drift (App name: 19927295d6e3467887d4e830d8c85963 | Version: Win_202306231055)
 * ABZU (App name: Curry | Version: 1.0)
 * AER Memories of Old (App name: 26b63c46de9e4dcc856b3c6b106b6777 | Version: 1.0.4.1)
 * Against All Odds (App name: ad8aff099d2a445599f9797a24e9ff93 | Version: 1.3.5)
 * Alien: Isolation (App name: 8935bb3e1420443a9789fe01758039a5 | Version: 1.0RC5.284847.51533)
 * Amnesia: Rebirth (App name: f59de18db4dc445f88ffeff24d081234 | Version: 1.42)
 * ARK: Survival Evolved (App name: aafc587fbf654758802c8e41e4fb3255 | Version: 358.26.win)
 * Astro Duel 2 (App name: e3c0d11648554383b33da58d075fd101 | Version: 59)
 * Aztez (App name: Grunt | Version: 1.2-aeeb6200374fc01a6a51c3006846a350febeb243.21-Win)
 * Bloons TD 6 (App name: 7786b355a13b47a6b3915335117cd0b2 | Version: 43.3.8118)
 * Borderlands 2 (App name: Dodo | Version: 2.0.2_BN347_CL2863302)
 * Borderlands: The Pre-Sequel (App name: Turkey | Version: 2.0.2_BN160_CL2863302)
 * Brothers - A Tale of Two Sons (App name: Tamarind | Version: 1.1)
 * Call of the Wild: The Angler™ (App name: fe4168b810314c2fb93f1803e2fe431e | Version: tortoise_delivery_2788322_2788322)
 * Cat Quest (App name: 051eaac0842c46d7a5a62858ad534d5a | Version: 1.4)
 * Cat Quest II (App name: 6a2cc8b03e684bbd9096a338f96a7ba2 | Version: 1.0.1)
 * Cave Story+ (App name: 1dea8a6ddb544842a58e4b5c8675ff58 | Version: 1.1)
 * Chivalry 2 (App name: Peppermint | Version: 257742+4847)
 * Chivalry 2 - Public Testing (App name: ca02598c9a5c4d5491d6431ce8e8d6e7 | Version: 250491+4716)
 * Cities Skylines (App name: bcbc03d8812a44c18f41cf7d5f849265 | Version: 1.17.1-f4-fixed)
 * Control (App name: Calluna | Version: 01.13)
 * Cook, Serve, Delicious! 3?! (App name: 680599141dc14accb456887a2be3ac0c | Version: 1.1)
 * Cyberpunk 2077 (App name: Ginger | Version: Build_5044915Change_6623767_RL_LM)
  + Cyberpunk 2077 - REDmod (App name: 02855a2f4c044aa1a813b19f8c447fe1 | Version: Build_5044915Change_6623767_RL_LM_RedMod)
 * Cyberpunk 2077 Bonus Content (App name: 81ed1e946da54050af4b3be7774ea038 | Version: 1.01)
 * DAEMON X MACHINA (App name: f4f0d39fbb4640e0be62aa91d9eca87d | Version: 1.0.6)
 * Dakar Desert Rally (App name: 4aff63ad39cb4fe7a61720d59a4cebc6 | Version: 2.3.420)
 * Dandara: Trials of Fear Edition (App name: c35b9699c4e24c56976b5bd8eceba464 | Version: 1.4.11-pc)
 * Dark Deity (App name: e21be436768f4add87d4935a180b4932 | Version: 1.58)
 * Darkest Dungeon® (App name: 36cbf259e631478eaac6ea244e55a709 | Version: 25681.8)
  + Darkest Dungeon®: The Musketeer (App name: e9c881bda9744b3b8513cd5419565a0d | Version: 25681.8)
 * Dauntless (App name: Jackal | Version: 1.14.7.647472)
 * Death Stranding (App name: Boga | Version: 2742586.206.1)
 * Death Stranding Content (App name: 5bf67f3153364181b54cb9e40ca7fa82 | Version: 1.01)
  + DEATH STRANDING DIGITAL SOUNDTRACK (App name: 84067e3ec8f149b2bbf2342d7a136065 | Version: 1.02)
  + HD Wallpaper (App name: f8bf1e29bbef480a9b28115ad0d644a0 | Version: 1.02)
  + SELECTIONS OF TITAN ART BOOK (App name: c311b22f878749449886949eeb588999 | Version: 1.01)
 * Defense Grid: The Awakening (App name: a434dcb20f0d439b93aaa31dac9e3210 | Version: 1.263117)
 * Deus Ex - Mankind Divided (App name: 2eaba703e63e4ed8bd2919ed552021d6 | Version: DXMD_EPIC_1.05)
 * DNF Duel (App name: 82cdbdf05c61474d89c4f9e8a8bf0ea4 | Version: 1.8.1-0)
 * Dragon Age: Inquisition – Game of the Year Edition (App name: verdi | Version: v01.00)
 * Dying Light 2 Stay Human - Reloaded Edition (App name: Redstart | Version: 1.17.0_4891830_fix1)
  + Dying Light 2 Stay Human: Bloody Ties (App name: b7d4f369da144f15a518e7cd9302c6b7 | Version: 1.17.0_4891830_fix1_dlc_opera)
 * EARTHLOCK (App name: 4a4ffcf1a8354008bcc3b28280dd2419 | Version: Windows.0.1.1_dev_7_Win64)
 * Elite Dangerous (App name: 9c203b6ed35846e8a4a9ff1e314f6593 | Version: 3.8.289583-1.7.6974)
 * Evil Dead The Game (App name: 5c147002780d4e6eb292f54edfe73fda | Version: S2117_Patch20)
 * Fall Guys (App name: 0a2d9f6403244d12969e11da6713137b | Version: EGS_6997)
 * Fallout: New Vegas (App name: 5daeb974a22a435988892319b3a4f476 | Version: 0.0.0.15)
  + Fallout New Vegas: Courier's Stash (App name: ee9a44b4530942499ef1c8c390731fce | Version: 0.0.0.3)
  + Fallout New Vegas®: Dead Money (App name: b290229eb58045cbab9501640f3278f3 | Version: 0.0.0.2)
  + Fallout New Vegas®: Gun Runners’ Arsenal™ (App name: 7dcfb9cd9d134728b2646466c34c7b3b | Version: 0.0.0.2)
  + Fallout New Vegas®: Honest Hearts (App name: 562d4a2c1b3147b089a7c453e3ddbcbe | Version: 0.0.0.4)
  + Fallout New Vegas®: Lonesome Road™ (App name: 4fa3d8d9b2cb4714a19a38d1a598be8f | Version: 0.0.0.2)
  + Fallout New Vegas®: Old World Blues (App name: c8dae1ab0570475a8b38a9041e614840 | Version: 0.0.0.3)
 * Farming Simulator 22 (App name: f452ea20ae1b43698209998b56c2cc1c | Version: 1.14.0.0_FarmP_1_1_win_b29250_r86546)
 * Figment (App name: ed5e8d42b2ac461eb6f9176d163b9515 | Version: v1.4.0_2020-03-29_3ceaeed)
 * Filament (App name: 14a38161ad3c45adab18425415b5df3d | Version: 1.21)
 * Fortnite (App name: Fortnite | Version: ++Fortnite+Release-30.20-CL-34597766-Windows)
 * Galactic Civilizations III (App name: 5f1c66366b2c4a6496d535d88c56e6cf | Version: v4.52.368416)
 * Galactic Civilizations III (Test branch) (App name: 8931f79300d04c5889799bffc8ef70bd | Version: v4.52.368416)
 * Genshin Impact (App name: 41869934302e4b8cafac2d3c0e7c293d | Version: 91)
 * Ghostrunner (App name: ea8df71f923649a193ab1c1fded7e1b3 | Version: 42507)
 * Ghostwire Tokyo (App name: 007ff8f4e30845a687e66aa77eb3e965 | Version: CL642509-A)
 * Gloomhaven (App name: 1bcd791d54684eb29ed32ad1c0593d12 | Version: 1.1.8307.0)
 * Grand Theft Auto V (App name: 9d2d0eb64d5c44529cece33fe2a46482 | Version: 1.0.3258.0)
 * Guacamelee! 2 (App name: fab83c3bf3d449718e042d44369e7fb6 | Version: Guac2_07-07-2023_17-30-36+36)
 * Guacamelee! Super Turbo Championship Edition (App name: 25b902f42cf04b17bc8a3db2f7292d58 | Version: GuacSTCE_29-06-2023_16-43-23+66)
 * Guild of Dungeoneering (App name: b8bdc716e79e461bbf161d99f842f29a | Version: 0.02)
 * Hand of Fate 2 (App name: 808f0dfbf3b84c2680793724d7f207bf | Version: 1.9.91_54131_Win64_Live)
 * Hello Neighbor (App name: Ursus | Version: 1.4.1)
 * Honkai Impact 3rd (App name: 0dc22b543a40440fab5a98d1e40c02c1 | Version: 2.33.7.1)
 * Horizon Chase Turbo (App name: bb406082b69a47208489d3616b22b5c2 | Version: 2.0.202311091807)
 * Idle Champions of the Forgotten Realms (App name: 40cb42e38c0b4a14a1bb133eb3291572 | Version: IdleDragons583164Live)
 * INDUSTRIA (App name: 78903903b1f1419bae248467f27ff470 | Version: 1.3.2)
 * Infinifactory (App name: c7b3c16f56cb45abbfd915d59fd39689 | Version: 1.0.13)
 * Inside (App name: Marigold | Version: 1.0.0)
 * Insurmountable (App name: 8b556e7471ac46eda46445d93fa2e73f | Version: 2.0.7.3)
 * Invincible Presents: Atom Eve (App name: ef50503adc284a8ba65d4dea1ecce91a | Version: 1.0.25523)
 * Islets (App name: 5e37739a766b4457981d2992f93ac72c | Version: 1.03)
 * Jurassic World Evolution (App name: 373a4372c20540aca7fdd880d27fa49a | Version: 1.12.7.54973)
 * Kao the Kangaroo (App name: 7763cb8916654651a50593a813ae7c38 | Version: 1.6.0)
 * KID A MNESIA EXHIBITION (App name: 33411619626243f1859d0b7fb5cc5405 | Version: 0.0333.012725)
 * LISA: The Joyful - Definitive Edition (App name: a42a95a46dc942318350cd4d0ee3163b | Version: 1.5_4)
 * LISA: The Painful - Definitive Edition (App name: ee6a6b5ad66e4d94abe462ba331ddc4b | Version: 1.5_2)
 * Loop Hero (App name: f7a0ebb44f93430fb1c4388a395eba96 | Version: 11054)
 * Maneater (App name: Turtle | Version: 43151315)
 * Marvel's Guardians of the Galaxy (App name: 63a665088eb1480298f1e57943b225d8 | Version: 2984448)
  + Marvel's Guardians of the Galaxy: Social-Lord Outfit (App name: 9596620d263b40c083ddf1f0c662c8ff | Version: 2978210)
 * Marvel's Midnight Suns (App name: 49550aa9fcd74552ae07c4e9f2c262fe | Version: 1.0.0.930465)
 * Metro 2033 Redux (App name: Petunia | Version: 0.1.0.0)
 * Midnight Ghost Hunt (App name: 456f53b28c384f02865874299f956501 | Version: 1.1.1)
 * MudRunner (App name: Bulbul | Version: 0.8.1)
 * Murder by Numbers (App name: 2c3dd568cada4c229753f550a44dcf2b | Version: 1.01)
 * My Time at Portia (App name: Cobra | Version: 2.0.20210813)
 * NBA 2K21 (App name: 639977eecfd2497c941b71af949b5067 | Version: 1.12.135040)
 * Never Alone (Kisima Ingitchuna) (App name: f38de9fa4c6d43eabac080942cb394a1 | Version: NeverAlone-Win-1.2.8)
 * Night in the Woods (App name: cd1b8a6e5b6c47369e2a1e2cf7b7f536 | Version: 406.Win64)
 * Nioh: The Complete Edition (App name: b5e42b0dc2f544a5bbb4080a433b8b71 | Version: Ver1.24.08.57450)
 * Oddworld: New 'n' Tasty (App name: 7c566548d24343e48151125ced4b494c | Version: Epic 1.0)
 * Orcs Must Die! 3 (App name: 3047a2d268da49588bbd22c806cde4de | Version: 1.2.5.6)
 * Out of Line (App name: 6b994d7f4f2a4e85a54d5c2ede6d2fed | Version: 1.0.5)
 * Overcooked (App name: Sage | Version: 1.0)
 * Pillars of Eternity - Definitive Edition (App name: bcc75c246fe04e45b0c1f1c3fd52503a | Version: 1.0.12)
  + Pillars of Eternity - Definitive Edition Pack (App name: 8e975c15166a4a1ca28d65fdfa411248 | Version: 1.0.0)
 * Railway Empire (App name: 8cf7c6b964514532ad8284a376a517bf | Version: 1.14.2.27630)
 * Redout 2 (App name: 16a37a0080e3414aafb30f1cc8390f6c | Version: 7c9c7c-S-D-P)
 * Remnant: From the Ashes (App name: b4a0d2d15acb4db894a599b810297543 | Version: Remnant_Win64_Shipping_275957)
 * Rise of the Tomb Raider: 20 Year Celebration (App name: f7cc1c999ac146f39b356f53e3489514 | Version: TR2_30112021_1027.0_1224023_303770_132827583431143041_)
 * Rising Storm 2: Vietnam (App name: Tern | Version: 20210514-403690-36)
 * Riverbond (App name: 087f062df2574091a67fe614a6ec15a4 | Version: 22)
 * Rocket League® (App name: Sugar | Version: BC2_Update51+453196)
 * Rogue Company (App name: Pewee | Version: 1787)
 * RollerCoaster Tycoon® 3: Complete Edition (App name: 281a47e363284108b82bf05c1a612145 | Version: 3.2.5.13)
 * Sail Forth (App name: 11ba63f98ce94a38b631104a12c7adab | Version: Win_2024-02-07_13-13-35)
 * Season 3 starter kit (App name: aa | Version: None)
  ! No version information (unknown cause)
 * Shadow of the Tomb Raider: Definitive Edition (App name: 890d9cf396d04922a1559333df419fed | Version: TR11_10072023_492.0_1227914_740629_133334955480774690_)
 * Sheltered (App name: b9af0845f9d64b0d9e851d9811141f67 | Version: 123)
 * Sid Meier's Civilization VI (App name: Kinglet | Version: 1.0.12.951533_nebraska_update1_Kinglet)
  + Civilization VI : Aztec DLC (App name: KingletAztec | Version: 1.0.12.951533_nebraska_update1_KingletAztec)
 * Sludge Life (App name: Morganite | Version: V201003)
 * Speed Brawl (App name: 6ffe878bb1ce490ba6d3a359a1f88df2 | Version: 1.5-cbf526615d)
 * Spellbreak (App name: Newt | Version: release.15196-7866)
 * Spelldrifter (App name: a2b2ed0324c44902b9058e23dedc76e3 | Version: 26974)
 * Spirit of the North (App name: d2d941e5c1ec44ae9e87e9e7cdddf1dd | Version: 4.4.0)
 * STAR WARS™ Battlefront™ II: Celebration Edition (App name: MtMassive | Version: None)
  - This game has to be activated, installed, and launched via Origin, use "legendary launch --origin MtMassive" to activate and/or run the game.
 * Stranger Things 3: The Game (App name: 0a697c1235fb4706a635cfa33f0306ec | Version: 857)
 * Sunless Skies: Sovereign Edition (App name: b979fad811c64939af282f5892049b50 | Version: 2.0.5.6e8c8ff-a-Windows)
 * Super Meat Boy Forever (App name: Moose | Version: 6755.1848.1962.152)
 * Surviving Mars (App name: Ovenbird | Version: 1.5_Fuglesang.1011166-Windows)
 * Surviving the Aftermath (App name: Muscovy | Version: 1.25.0.2775)
 * Tharsis (App name: 266d978cc221471787b597695cbb9a75 | Version: 1.03)
 * The Alto Collection (App name: Hornbill | Version: Win_202301311530)
 * The Big Con (App name: 573b2b742fa04eda83ea73cb17d7abc0 | Version: TBC_DRM_1.6.18)
 * The Bridge (App name: Sunbird | Version: Win_2024-04-25_12-21-21)
 * The Captain (App name: f00b5acabb0f49a7b49e8350d1cd0de0 | Version: 1.1.4_win)
 * The Dungeon Of Naheulbeuk: The Amulet Of Chaos (App name: 02fac38ee2614c8ba276b1ea7c1acd7c | Version: Windows_1.5_575_47857)
 * The Elder Scrolls Online (App name: 4d0ff75b922447649057c237c0bd1545 | Version: EGSStarter_v2.9a_d6_live_public)
 * The Forest Quartet (App name: dbb0b84f31244c7584490d205b74010c | Version: 4.0.0c)
 * The Long Dark (App name: ed93b18355a84230938c705121c63661 | Version: Windows_136986)
  + The Long Dark: Wintermute (App name: 87441b64c6d746b7a7c90017c227dd0c | Version: Windows_WM_135958)
 * The Messenger (App name: Jay | Version: 2.0.2.4)
 * The Outer Worlds: Spacer's Choice Edition (App name: cb3bf7ba89574a66ae3b795e039d4dbc | Version: 0.0.0.6415)
 * The Sims™ 4 (App name: huddle | Version: None)
  - This game has to be activated, installed, and launched via Origin, use "legendary launch --origin huddle" to activate and/or run the game.
 * The World Next Door (App name: 39a0313492c84cf79b119efb09df90e5 | Version: 1.2.1p)
 * theHunter: Call of the Wild™ (App name: 4f0c34d469bb47b2bcf5b377f47ccfe3 | Version: 0.0.11)
 * Thief (App name: 4123bcce398b4b1d8b9ef878f81055d1 | Version: TH4_EPIC_1.7.0.5)
 * Tom Clancy's The Division 2 (App name: Impala | Version: TU1.8)
  - This game can be activated directly on your Ubisoft account and does not require legendary to install/run. Use "legendary activate --uplay" and follow the instructions.
 * Tomb Raider GAME OF THE YEAR EDITION (App name: d6264d56f5ba434e91d4b0a0b056c83a | Version: TRAS_15112021_838.0_1224060,275025(132814434654404397))
 * Torchlight II (App name: 8e425d507bd6473dbb927f0fea8ef4f6 | Version: 1.25.9.5)
 * Tormentor X Punisher (App name: Goby | Version: txp12)
 * Trackmania Starter Access (App name: Pigeon | Version: 1.3)
  - This game can be activated directly on your Ubisoft account and does not require legendary to install/run. Use "legendary activate --uplay" and follow the instructions.
 * Train Valley 2 (App name: a617890cec1542d6ba760ba13f79225e | Version: 1.6.8.8)
 * Tropico 5 (App name: e4867c438f854da5a1d1f8c8609cac22 | Version: 197114[Windows])
  + Map Pack (App name: 8b5f1c51be3844bab51e2ee1089839f5 | Version: 197106[Windows])
 * Tyranny - Gold Edition (App name: 36b0e40890f147fbb1e3965f87369156 | Version: 1.0.21)
  + Tyranny - Gold Edition Pack (App name: 4d374e0805dc42bfb78c0ceb24bd1085 | Version: 1.0.0)
 * Unrailed (App name: 76233c0af0a441c7bd541e7d7ab3cde1 | Version: 2.1-bea80b268_3)
 * Unreal Tournament (App name: UnrealTournamentDev | Version: None)
  ! No version information (unknown cause)
 * Where The Water Tastes Like Wine (App name: e8964b869b6849bea41eefec766cd665 | Version: 1.0)
 * Windbound (App name: a95bf4df6627431ca5baff8173c59635 | Version: 1.3.40746.206)
 * Wolfenstein: The New Order (App name: a64dcf9b711a4a60a3c0b6f052dfc7da | Version: 1.3.1)
 * World War Z (App name: Wombat | Version: 2.27)
 * XCOM 2 (App name: 3be3c4d681bc46b3b8b26c5df3ae0a18 | Version: 1.0.1_CL-870730)

Total: 147
[6/30/2024, 3:47:32 PM] LEGENDARY_CONFIG_PATH=/home/sith/.config/heroic/legendaryConfig/legendary /opt/Heroic/resources/app.asar.unpacked/build/bin/linux/legendary list --third-party
[cli] INFO: Logging in...
[Core] INFO: Trying to re-use existing login session...
[cli] INFO: Getting game list... (this may take a while)

Available games:
 * 3 out of 10, EP 2: "Foundation 101" (App name: 1317e4e3b3ed40c289dde85b194347d3 | Version: R02_S01_E02_V007_CL16693)
 * A Plague Tale: Innocence (App name: e0fa47ae79514345823bff209ae29451 | Version: EGS_1.08.4)
 * Absolute Drift (App name: 19927295d6e3467887d4e830d8c85963 | Version: Win_202306231055)
 * ABZU (App name: Curry | Version: 1.0)
 * AER Memories of Old (App name: 26b63c46de9e4dcc856b3c6b106b6777 | Version: 1.0.4.1)
 * Against All Odds (App name: ad8aff099d2a445599f9797a24e9ff93 | Version: 1.3.5)
 * Alien: Isolation (App name: 8935bb3e1420443a9789fe01758039a5 | Version: 1.0RC5.284847.51533)
 * Amnesia: Rebirth (App name: f59de18db4dc445f88ffeff24d081234 | Version: 1.42)
 * ARK: Survival Evolved (App name: aafc587fbf654758802c8e41e4fb3255 | Version: 358.26.win)
 * Astro Duel 2 (App name: e3c0d11648554383b33da58d075fd101 | Version: 59)
 * Aztez (App name: Grunt | Version: 1.2-aeeb6200374fc01a6a51c3006846a350febeb243.21-Win)
 * Bloons TD 6 (App name: 7786b355a13b47a6b3915335117cd0b2 | Version: 43.3.8118)
 * Borderlands 2 (App name: Dodo | Version: 2.0.2_BN347_CL2863302)
 * Borderlands: The Pre-Sequel (App name: Turkey | Version: 2.0.2_BN160_CL2863302)
 * Brothers - A Tale of Two Sons (App name: Tamarind | Version: 1.1)
 * Call of the Wild: The Angler™ (App name: fe4168b810314c2fb93f1803e2fe431e | Version: tortoise_delivery_2788322_2788322)
 * Cat Quest (App name: 051eaac0842c46d7a5a62858ad534d5a | Version: 1.4)
 * Cat Quest II (App name: 6a2cc8b03e684bbd9096a338f96a7ba2 | Version: 1.0.1)
 * Cave Story+ (App name: 1dea8a6ddb544842a58e4b5c8675ff58 | Version: 1.1)
 * Chivalry 2 (App name: Peppermint | Version: 257742+4847)
 * Chivalry 2 - Public Testing (App name: ca02598c9a5c4d5491d6431ce8e8d6e7 | Version: 250491+4716)
 * Cities Skylines (App name: bcbc03d8812a44c18f41cf7d5f849265 | Version: 1.17.1-f4-fixed)
 * Control (App name: Calluna | Version: 01.13)
 * Cook, Serve, Delicious! 3?! (App name: 680599141dc14accb456887a2be3ac0c | Version: 1.1)
 * Cyberpunk 2077 (App name: Ginger | Version: Build_5044915Change_6623767_RL_LM)
  + Cyberpunk 2077 - REDmod (App name: 02855a2f4c044aa1a813b19f8c447fe1 | Version: Build_5044915Change_6623767_RL_LM_RedMod)
 * Cyberpunk 2077 Bonus Content (App name: 81ed1e946da54050af4b3be7774ea038 | Version: 1.01)
 * DAEMON X MACHINA (App name: f4f0d39fbb4640e0be62aa91d9eca87d | Version: 1.0.6)
 * Dakar Desert Rally (App name: 4aff63ad39cb4fe7a61720d59a4cebc6 | Version: 2.3.420)
 * Dandara: Trials of Fear Edition (App name: c35b9699c4e24c56976b5bd8eceba464 | Version: 1.4.11-pc)
 * Dark Deity (App name: e21be436768f4add87d4935a180b4932 | Version: 1.58)
 * Darkest Dungeon® (App name: 36cbf259e631478eaac6ea244e55a709 | Version: 25681.8)
  + Darkest Dungeon®: The Musketeer (App name: e9c881bda9744b3b8513cd5419565a0d | Version: 25681.8)
 * Dauntless (App name: Jackal | Version: 1.14.7.647472)
 * Death Stranding (App name: Boga | Version: 2742586.206.1)
 * Death Stranding Content (App name: 5bf67f3153364181b54cb9e40ca7fa82 | Version: 1.01)
  + DEATH STRANDING DIGITAL SOUNDTRACK (App name: 84067e3ec8f149b2bbf2342d7a136065 | Version: 1.02)
  + HD Wallpaper (App name: f8bf1e29bbef480a9b28115ad0d644a0 | Version: 1.02)
  + SELECTIONS OF TITAN ART BOOK (App name: c311b22f878749449886949eeb588999 | Version: 1.01)
 * Defense Grid: The Awakening (App name: a434dcb20f0d439b93aaa31dac9e3210 | Version: 1.263117)
 * Deus Ex - Mankind Divided (App name: 2eaba703e63e4ed8bd2919ed552021d6 | Version: DXMD_EPIC_1.05)
 * DNF Duel (App name: 82cdbdf05c61474d89c4f9e8a8bf0ea4 | Version: 1.8.1-0)
 * Dragon Age: Inquisition – Game of the Year Edition (App name: verdi | Version: v01.00)
 * Dying Light 2 Stay Human - Reloaded Edition (App name: Redstart | Version: 1.17.0_4891830_fix1)
  + Dying Light 2 Stay Human: Bloody Ties (App name: b7d4f369da144f15a518e7cd9302c6b7 | Version: 1.17.0_4891830_fix1_dlc_opera)
 * EARTHLOCK (App name: 4a4ffcf1a8354008bcc3b28280dd2419 | Version: Windows.0.1.1_dev_7_Win64)
 * Elite Dangerous (App name: 9c203b6ed35846e8a4a9ff1e314f6593 | Version: 3.8.289583-1.7.6974)
 * Evil Dead The Game (App name: 5c147002780d4e6eb292f54edfe73fda | Version: S2117_Patch20)
 * Fall Guys (App name: 0a2d9f6403244d12969e11da6713137b | Version: EGS_6997)
 * Fallout: New Vegas (App name: 5daeb974a22a435988892319b3a4f476 | Version: 0.0.0.15)
  + Fallout New Vegas: Courier's Stash (App name: ee9a44b4530942499ef1c8c390731fce | Version: 0.0.0.3)
  + Fallout New Vegas®: Dead Money (App name: b290229eb58045cbab9501640f3278f3 | Version: 0.0.0.2)
  + Fallout New Vegas®: Gun Runners’ Arsenal™ (App name: 7dcfb9cd9d134728b2646466c34c7b3b | Version: 0.0.0.2)
  + Fallout New Vegas®: Honest Hearts (App name: 562d4a2c1b3147b089a7c453e3ddbcbe | Version: 0.0.0.4)
  + Fallout New Vegas®: Lonesome Road™ (App name: 4fa3d8d9b2cb4714a19a38d1a598be8f | Version: 0.0.0.2)
  + Fallout New Vegas®: Old World Blues (App name: c8dae1ab0570475a8b38a9041e614840 | Version: 0.0.0.3)
 * Farming Simulator 22 (App name: f452ea20ae1b43698209998b56c2cc1c | Version: 1.14.0.0_FarmP_1_1_win_b29250_r86546)
 * Figment (App name: ed5e8d42b2ac461eb6f9176d163b9515 | Version: v1.4.0_2020-03-29_3ceaeed)
 * Filament (App name: 14a38161ad3c45adab18425415b5df3d | Version: 1.21)
 * Fortnite (App name: Fortnite | Version: ++Fortnite+Release-30.20-CL-34597766-Windows)
 * Galactic Civilizations III (App name: 5f1c66366b2c4a6496d535d88c56e6cf | Version: v4.52.368416)
 * Galactic Civilizations III (Test branch) (App name: 8931f79300d04c5889799bffc8ef70bd | Version: v4.52.368416)
 * Genshin Impact (App name: 41869934302e4b8cafac2d3c0e7c293d | Version: 91)
 * Ghostrunner (App name: ea8df71f923649a193ab1c1fded7e1b3 | Version: 42507)
 * Ghostwire Tokyo (App name: 007ff8f4e30845a687e66aa77eb3e965 | Version: CL642509-A)
 * Gloomhaven (App name: 1bcd791d54684eb29ed32ad1c0593d12 | Version: 1.1.8307.0)
 * Grand Theft Auto V (App name: 9d2d0eb64d5c44529cece33fe2a46482 | Version: 1.0.3258.0)
 * Guacamelee! 2 (App name: fab83c3bf3d449718e042d44369e7fb6 | Version: Guac2_07-07-2023_17-30-36+36)
 * Guacamelee! Super Turbo Championship Edition (App name: 25b902f42cf04b17bc8a3db2f7292d58 | Version: GuacSTCE_29-06-2023_16-43-23+66)
 * Guild of Dungeoneering (App name: b8bdc716e79e461bbf161d99f842f29a | Version: 0.02)
 * Hand of Fate 2 (App name: 808f0dfbf3b84c2680793724d7f207bf | Version: 1.9.91_54131_Win64_Live)
 * Hello Neighbor (App name: Ursus | Version: 1.4.1)
 * Honkai Impact 3rd (App name: 0dc22b543a40440fab5a98d1e40c02c1 | Version: 2.33.7.1)
 * Horizon Chase Turbo (App name: bb406082b69a47208489d3616b22b5c2 | Version: 2.0.202311091807)
 * Idle Champions of the Forgotten Realms (App name: 40cb42e38c0b4a14a1bb133eb3291572 | Version: IdleDragons583164Live)
 * INDUSTRIA (App name: 78903903b1f1419bae248467f27ff470 | Version: 1.3.2)
 * Infinifactory (App name: c7b3c16f56cb45abbfd915d59fd39689 | Version: 1.0.13)
 * Inside (App name: Marigold | Version: 1.0.0)
 * Insurmountable (App name: 8b556e7471ac46eda46445d93fa2e73f | Version: 2.0.7.3)
 * Invincible Presents: Atom Eve (App name: ef50503adc284a8ba65d4dea1ecce91a | Version: 1.0.25523)
 * Islets (App name: 5e37739a766b4457981d2992f93ac72c | Version: 1.03)
 * Jurassic World Evolution (App name: 373a4372c20540aca7fdd880d27fa49a | Version: 1.12.7.54973)
 * Kao the Kangaroo (App name: 7763cb8916654651a50593a813ae7c38 | Version: 1.6.0)
 * KID A MNESIA EXHIBITION (App name: 33411619626243f1859d0b7fb5cc5405 | Version: 0.0333.012725)
 * LISA: The Joyful - Definitive Edition (App name: a42a95a46dc942318350cd4d0ee3163b | Version: 1.5_4)
 * LISA: The Painful - Definitive Edition (App name: ee6a6b5ad66e4d94abe462ba331ddc4b | Version: 1.5_2)
 * Loop Hero (App name: f7a0ebb44f93430fb1c4388a395eba96 | Version: 11054)
 * Maneater (App name: Turtle | Version: 43151315)
 * Marvel's Guardians of the Galaxy (App name: 63a665088eb1480298f1e57943b225d8 | Version: 2984448)
  + Marvel's Guardians of the Galaxy: Social-Lord Outfit (App name: 9596620d263b40c083ddf1f0c662c8ff | Version: 2978210)
 * Marvel's Midnight Suns (App name: 49550aa9fcd74552ae07c4e9f2c262fe | Version: 1.0.0.930465)
 * Metro 2033 Redux (App name: Petunia | Version: 0.1.0.0)
 * Midnight Ghost Hunt (App name: 456f53b28c384f02865874299f956501 | Version: 1.1.1)
 * MudRunner (App name: Bulbul | Version: 0.8.1)
 * Murder by Numbers (App name: 2c3dd568cada4c229753f550a44dcf2b | Version: 1.01)
 * My Time at Portia (App name: Cobra | Version: 2.0.20210813)
 * NBA 2K21 (App name: 639977eecfd2497c941b71af949b5067 | Version: 1.12.135040)
 * Never Alone (Kisima Ingitchuna) (App name: f38de9fa4c6d43eabac080942cb394a1 | Version: NeverAlone-Win-1.2.8)
 * Night in the Woods (App name: cd1b8a6e5b6c47369e2a1e2cf7b7f536 | Version: 406.Win64)
 * Nioh: The Complete Edition (App name: b5e42b0dc2f544a5bbb4080a433b8b71 | Version: Ver1.24.08.57450)
 * Oddworld: New 'n' Tasty (App name: 7c566548d24343e48151125ced4b494c | Version: Epic 1.0)
 * Orcs Must Die! 3 (App name: 3047a2d268da49588bbd22c806cde4de | Version: 1.2.5.6)
 * Out of Line (App name: 6b994d7f4f2a4e85a54d5c2ede6d2fed | Version: 1.0.5)
 * Overcooked (App name: Sage | Version: 1.0)
 * Pillars of Eternity - Definitive Edition (App name: bcc75c246fe04e45b0c1f1c3fd52503a | Version: 1.0.12)
  + Pillars of Eternity - Definitive Edition Pack (App name: 8e975c15166a4a1ca28d65fdfa411248 | Version: 1.0.0)
 * Railway Empire (App name: 8cf7c6b964514532ad8284a376a517bf | Version: 1.14.2.27630)
 * Redout 2 (App name: 16a37a0080e3414aafb30f1cc8390f6c | Version: 7c9c7c-S-D-P)
 * Remnant: From the Ashes (App name: b4a0d2d15acb4db894a599b810297543 | Version: Remnant_Win64_Shipping_275957)
 * Rise of the Tomb Raider: 20 Year Celebration (App name: f7cc1c999ac146f39b356f53e3489514 | Version: TR2_30112021_1027.0_1224023_303770_132827583431143041_)
 * Rising Storm 2: Vietnam (App name: Tern | Version: 20210514-403690-36)
 * Riverbond (App name: 087f062df2574091a67fe614a6ec15a4 | Version: 22)
 * Rocket League® (App name: Sugar | Version: BC2_Update51+453196)
 * Rogue Company (App name: Pewee | Version: 1787)
 * RollerCoaster Tycoon® 3: Complete Edition (App name: 281a47e363284108b82bf05c1a612145 | Version: 3.2.5.13)
 * Sail Forth (App name: 11ba63f98ce94a38b631104a12c7adab | Version: Win_2024-02-07_13-13-35)
 * Season 3 starter kit (App name: aa | Version: None)
  ! No version information (unknown cause)
 * Shadow of the Tomb Raider: Definitive Edition (App name: 890d9cf396d04922a1559333df419fed | Version: TR11_10072023_492.0_1227914_740629_133334955480774690_)
 * Sheltered (App name: b9af0845f9d64b0d9e851d9811141f67 | Version: 123)
 * Sid Meier's Civilization VI (App name: Kinglet | Version: 1.0.12.951533_nebraska_update1_Kinglet)
  + Civilization VI : Aztec DLC (App name: KingletAztec | Version: 1.0.12.951533_nebraska_update1_KingletAztec)
 * Sludge Life (App name: Morganite | Version: V201003)
 * Speed Brawl (App name: 6ffe878bb1ce490ba6d3a359a1f88df2 | Version: 1.5-cbf526615d)
 * Spellbreak (App name: Newt | Version: release.15196-7866)
 * Spelldrifter (App name: a2b2ed0324c44902b9058e23dedc76e3 | Version: 26974)
 * Spirit of the North (App name: d2d941e5c1ec44ae9e87e9e7cdddf1dd | Version: 4.4.0)
 * STAR WARS™ Battlefront™ II: Celebration Edition (App name: MtMassive | Version: None)
  - This game has to be activated, installed, and launched via Origin, use "legendary launch --origin MtMassive" to activate and/or run the game.
 * Stranger Things 3: The Game (App name: 0a697c1235fb4706a635cfa33f0306ec | Version: 857)
 * Sunless Skies: Sovereign Edition (App name: b979fad811c64939af282f5892049b50 | Version: 2.0.5.6e8c8ff-a-Windows)
 * Super Meat Boy Forever (App name: Moose | Version: 6755.1848.1962.152)
 * Surviving Mars (App name: Ovenbird | Version: 1.5_Fuglesang.1011166-Windows)
 * Surviving the Aftermath (App name: Muscovy | Version: 1.25.0.2775)
 * Tharsis (App name: 266d978cc221471787b597695cbb9a75 | Version: 1.03)
 * The Alto Collection (App name: Hornbill | Version: Win_202301311530)
 * The Big Con (App name: 573b2b742fa04eda83ea73cb17d7abc0 | Version: TBC_DRM_1.6.18)
 * The Bridge (App name: Sunbird | Version: Win_2024-04-25_12-21-21)
 * The Captain (App name: f00b5acabb0f49a7b49e8350d1cd0de0 | Version: 1.1.4_win)
 * The Dungeon Of Naheulbeuk: The Amulet Of Chaos (App name: 02fac38ee2614c8ba276b1ea7c1acd7c | Version: Windows_1.5_575_47857)
 * The Elder Scrolls Online (App name: 4d0ff75b922447649057c237c0bd1545 | Version: EGSStarter_v2.9a_d6_live_public)
 * The Forest Quartet (App name: dbb0b84f31244c7584490d205b74010c | Version: 4.0.0c)
 * The Long Dark (App name: ed93b18355a84230938c705121c63661 | Version: Windows_136986)
  + The Long Dark: Wintermute (App name: 87441b64c6d746b7a7c90017c227dd0c | Version: Windows_WM_135958)
 * The Messenger (App name: Jay | Version: 2.0.2.4)
 * The Outer Worlds: Spacer's Choice Edition (App name: cb3bf7ba89574a66ae3b795e039d4dbc | Version: 0.0.0.6415)
 * The Sims™ 4 (App name: huddle | Version: None)
  - This game has to be activated, installed, and launched via Origin, use "legendary launch --origin huddle" to activate and/or run the game.
 * The World Next Door (App name: 39a0313492c84cf79b119efb09df90e5 | Version: 1.2.1p)
 * theHunter: Call of the Wild™ (App name: 4f0c34d469bb47b2bcf5b377f47ccfe3 | Version: 0.0.11)
 * Thief (App name: 4123bcce398b4b1d8b9ef878f81055d1 | Version: TH4_EPIC_1.7.0.5)
 * Tom Clancy's The Division 2 (App name: Impala | Version: TU1.8)
  - This game can be activated directly on your Ubisoft account and does not require legendary to install/run. Use "legendary activate --uplay" and follow the instructions.
 * Tomb Raider GAME OF THE YEAR EDITION (App name: d6264d56f5ba434e91d4b0a0b056c83a | Version: TRAS_15112021_838.0_1224060,275025(132814434654404397))
 * Torchlight II (App name: 8e425d507bd6473dbb927f0fea8ef4f6 | Version: 1.25.9.5)
 * Tormentor X Punisher (App name: Goby | Version: txp12)
 * Trackmania Starter Access (App name: Pigeon | Version: 1.3)
  - This game can be activated directly on your Ubisoft account and does not require legendary to install/run. Use "legendary activate --uplay" and follow the instructions.
 * Train Valley 2 (App name: a617890cec1542d6ba760ba13f79225e | Version: 1.6.8.8)
 * Tropico 5 (App name: e4867c438f854da5a1d1f8c8609cac22 | Version: 197114[Windows])
  + Map Pack (App name: 8b5f1c51be3844bab51e2ee1089839f5 | Version: 197106[Windows])
 * Tyranny - Gold Edition (App name: 36b0e40890f147fbb1e3965f87369156 | Version: 1.0.21)
  + Tyranny - Gold Edition Pack (App name: 4d374e0805dc42bfb78c0ceb24bd1085 | Version: 1.0.0)
 * Unrailed (App name: 76233c0af0a441c7bd541e7d7ab3cde1 | Version: 2.1-bea80b268_3)
 * Unreal Tournament (App name: UnrealTournamentDev | Version: None)
  ! No version information (unknown cause)
 * Where The Water Tastes Like Wine (App name: e8964b869b6849bea41eefec766cd665 | Version: 1.0)
 * Windbound (App name: a95bf4df6627431ca5baff8173c59635 | Version: 1.3.40746.206)
 * Wolfenstein: The New Order (App name: a64dcf9b711a4a60a3c0b6f052dfc7da | Version: 1.3.1)
 * World War Z (App name: Wombat | Version: 2.27)
 * XCOM 2 (App name: 3be3c4d681bc46b3b8b26c5df3ae0a18 | Version: 1.0.1_CL-870730)

Total: 147
[6/30/2024, 3:48:01 PM] LEGENDARY_CONFIG_PATH=/home/sith/.config/heroic/legendaryConfig/legendary /opt/Heroic/resources/app.asar.unpacked/build/bin/linux/legendary info 808f0dfbf3b84c2680793724d7f207bf --json --platform Windows
[Core] INFO: Trying to re-use existing login session...
[6/30/2024, 3:48:01 PM] LEGENDARY_CONFIG_PATH=/home/sith/.config/heroic/legendaryConfig/legendary /opt/Heroic/resources/app.asar.unpacked/build/bin/linux/legendary info 808f0dfbf3b84c2680793724d7f207bf --json --platform Windows
[6/30/2024, 3:48:05 PM] LEGENDARY_CONFIG_PATH=/home/sith/.config/heroic/legendaryConfig/legendary /opt/Heroic/resources/app.asar.unpacked/build/bin/linux/legendary info 808f0dfbf3b84c2680793724d7f207bf --json --platform Windows
{"game": {"app_name": "808f0dfbf3b84c2680793724d7f207bf", "title": "Hand of Fate 2", "version": "1.9.91_54131_Win64_Live", "platform_versions": {"Windows": "1.9.91_54131_Win64_Live"}, "cloud_saves_supported": true, "cloud_save_folder": "{AppData}/../LocalLow/Defiant Development/Hand of Fate 2/", "cloud_save_folder_mac": "{UserLibrary}/Application Support/Defiant Development/Hand of Fate 2/", "is_dlc": false, "external_activation": null, "launch_options": [], "command_line": null, "owned_dlc": []}, "install": null, "manifest": {"size": 339705, "type": "binary", "version": 17, "feature_level": 17, "app_name": "808f0dfbf3b84c2680793724d7f207bf", "launch_exe": "Hand of Fate 2.exe", "launch_command": "", "build_version": "1.9.91_54131_Win64_Live", "build_id": "p56lVAFpjHpCQU-A2zZrxewm67M", "prerequisites": null, "uninstaller": null, "install_tags": [""], "num_files": 1551, "num_chunks": 4253, "disk_size": 4458578483, "download_size": 4055314897, "tag_disk_size": [], "tag_download_size": []}}
[6/30/2024, 3:48:23 PM] LEGENDARY_CONFIG_PATH=/home/sith/.config/heroic/legendaryConfig/legendary /opt/Heroic/resources/app.asar.unpacked/build/bin/linux/legendary import 808f0dfbf3b84c2680793724d7f207bf /media/gamedisk/linux_games/HandOfFate2 --with-dlcs --platform Windows
[Core] INFO: Trying to re-use existing login session...
[Core] INFO: Found EGL install metadata, verifying...
[cli] INFO: Game install appears to be complete.
[cli] INFO: Installation had Epic Games Launcher metadata for version "1.9.91_54131_Win64_Live", verification will not be required.
[cli] INFO: Game "Hand of Fate 2" has been imported.
[6/30/2024, 3:48:25 PM] LEGENDARY_CONFIG_PATH=/home/sith/.config/heroic/legendaryConfig/legendary /opt/Heroic/resources/app.asar.unpacked/build/bin/linux/legendary list --third-party
[cli] INFO: Logging in...
[Core] INFO: Trying to re-use existing login session...
[cli] INFO: Getting game list... (this may take a while)

Available games:
 * 3 out of 10, EP 2: "Foundation 101" (App name: 1317e4e3b3ed40c289dde85b194347d3 | Version: R02_S01_E02_V007_CL16693)
 * A Plague Tale: Innocence (App name: e0fa47ae79514345823bff209ae29451 | Version: EGS_1.08.4)
 * Absolute Drift (App name: 19927295d6e3467887d4e830d8c85963 | Version: Win_202306231055)
 * ABZU (App name: Curry | Version: 1.0)
 * AER Memories of Old (App name: 26b63c46de9e4dcc856b3c6b106b6777 | Version: 1.0.4.1)
 * Against All Odds (App name: ad8aff099d2a445599f9797a24e9ff93 | Version: 1.3.5)
 * Alien: Isolation (App name: 8935bb3e1420443a9789fe01758039a5 | Version: 1.0RC5.284847.51533)
 * Amnesia: Rebirth (App name: f59de18db4dc445f88ffeff24d081234 | Version: 1.42)
 * ARK: Survival Evolved (App name: aafc587fbf654758802c8e41e4fb3255 | Version: 358.26.win)
 * Astro Duel 2 (App name: e3c0d11648554383b33da58d075fd101 | Version: 59)
 * Aztez (App name: Grunt | Version: 1.2-aeeb6200374fc01a6a51c3006846a350febeb243.21-Win)
 * Bloons TD 6 (App name: 7786b355a13b47a6b3915335117cd0b2 | Version: 43.3.8118)
 * Borderlands 2 (App name: Dodo | Version: 2.0.2_BN347_CL2863302)
 * Borderlands: The Pre-Sequel (App name: Turkey | Version: 2.0.2_BN160_CL2863302)
 * Brothers - A Tale of Two Sons (App name: Tamarind | Version: 1.1)
 * Call of the Wild: The Angler™ (App name: fe4168b810314c2fb93f1803e2fe431e | Version: tortoise_delivery_2788322_2788322)
 * Cat Quest (App name: 051eaac0842c46d7a5a62858ad534d5a | Version: 1.4)
 * Cat Quest II (App name: 6a2cc8b03e684bbd9096a338f96a7ba2 | Version: 1.0.1)
 * Cave Story+ (App name: 1dea8a6ddb544842a58e4b5c8675ff58 | Version: 1.1)
 * Chivalry 2 (App name: Peppermint | Version: 257742+4847)
 * Chivalry 2 - Public Testing (App name: ca02598c9a5c4d5491d6431ce8e8d6e7 | Version: 250491+4716)
 * Cities Skylines (App name: bcbc03d8812a44c18f41cf7d5f849265 | Version: 1.17.1-f4-fixed)
 * Control (App name: Calluna | Version: 01.13)
 * Cook, Serve, Delicious! 3?! (App name: 680599141dc14accb456887a2be3ac0c | Version: 1.1)
 * Cyberpunk 2077 (App name: Ginger | Version: Build_5044915Change_6623767_RL_LM)
  + Cyberpunk 2077 - REDmod (App name: 02855a2f4c044aa1a813b19f8c447fe1 | Version: Build_5044915Change_6623767_RL_LM_RedMod)
 * Cyberpunk 2077 Bonus Content (App name: 81ed1e946da54050af4b3be7774ea038 | Version: 1.01)
 * DAEMON X MACHINA (App name: f4f0d39fbb4640e0be62aa91d9eca87d | Version: 1.0.6)
 * Dakar Desert Rally (App name: 4aff63ad39cb4fe7a61720d59a4cebc6 | Version: 2.3.420)
 * Dandara: Trials of Fear Edition (App name: c35b9699c4e24c56976b5bd8eceba464 | Version: 1.4.11-pc)
 * Dark Deity (App name: e21be436768f4add87d4935a180b4932 | Version: 1.58)
 * Darkest Dungeon® (App name: 36cbf259e631478eaac6ea244e55a709 | Version: 25681.8)
  + Darkest Dungeon®: The Musketeer (App name: e9c881bda9744b3b8513cd5419565a0d | Version: 25681.8)
 * Dauntless (App name: Jackal | Version: 1.14.7.647472)
 * Death Stranding (App name: Boga | Version: 2742586.206.1)
 * Death Stranding Content (App name: 5bf67f3153364181b54cb9e40ca7fa82 | Version: 1.01)
  + DEATH STRANDING DIGITAL SOUNDTRACK (App name: 84067e3ec8f149b2bbf2342d7a136065 | Version: 1.02)
  + HD Wallpaper (App name: f8bf1e29bbef480a9b28115ad0d644a0 | Version: 1.02)
  + SELECTIONS OF TITAN ART BOOK (App name: c311b22f878749449886949eeb588999 | Version: 1.01)
 * Defense Grid: The Awakening (App name: a434dcb20f0d439b93aaa31dac9e3210 | Version: 1.263117)
 * Deus Ex - Mankind Divided (App name: 2eaba703e63e4ed8bd2919ed552021d6 | Version: DXMD_EPIC_1.05)
 * DNF Duel (App name: 82cdbdf05c61474d89c4f9e8a8bf0ea4 | Version: 1.8.1-0)
 * Dragon Age: Inquisition – Game of the Year Edition (App name: verdi | Version: v01.00)
 * Dying Light 2 Stay Human - Reloaded Edition (App name: Redstart | Version: 1.17.0_4891830_fix1)
  + Dying Light 2 Stay Human: Bloody Ties (App name: b7d4f369da144f15a518e7cd9302c6b7 | Version: 1.17.0_4891830_fix1_dlc_opera)
 * EARTHLOCK (App name: 4a4ffcf1a8354008bcc3b28280dd2419 | Version: Windows.0.1.1_dev_7_Win64)
 * Elite Dangerous (App name: 9c203b6ed35846e8a4a9ff1e314f6593 | Version: 3.8.289583-1.7.6974)
 * Evil Dead The Game (App name: 5c147002780d4e6eb292f54edfe73fda | Version: S2117_Patch20)
 * Fall Guys (App name: 0a2d9f6403244d12969e11da6713137b | Version: EGS_6997)
 * Fallout: New Vegas (App name: 5daeb974a22a435988892319b3a4f476 | Version: 0.0.0.15)
  + Fallout New Vegas: Courier's Stash (App name: ee9a44b4530942499ef1c8c390731fce | Version: 0.0.0.3)
  + Fallout New Vegas®: Dead Money (App name: b290229eb58045cbab9501640f3278f3 | Version: 0.0.0.2)
  + Fallout New Vegas®: Gun Runners’ Arsenal™ (App name: 7dcfb9cd9d134728b2646466c34c7b3b | Version: 0.0.0.2)
  + Fallout New Vegas®: Honest Hearts (App name: 562d4a2c1b3147b089a7c453e3ddbcbe | Version: 0.0.0.4)
  + Fallout New Vegas®: Lonesome Road™ (App name: 4fa3d8d9b2cb4714a19a38d1a598be8f | Version: 0.0.0.2)
  + Fallout New Vegas®: Old World Blues (App name: c8dae1ab0570475a8b38a9041e614840 | Version: 0.0.0.3)
 * Farming Simulator 22 (App name: f452ea20ae1b43698209998b56c2cc1c | Version: 1.14.0.0_FarmP_1_1_win_b29250_r86546)
 * Figment (App name: ed5e8d42b2ac461eb6f9176d163b9515 | Version: v1.4.0_2020-03-29_3ceaeed)
 * Filament (App name: 14a38161ad3c45adab18425415b5df3d | Version: 1.21)
 * Fortnite (App name: Fortnite | Version: ++Fortnite+Release-30.20-CL-34597766-Windows)
 * Galactic Civilizations III (App name: 5f1c66366b2c4a6496d535d88c56e6cf | Version: v4.52.368416)
 * Galactic Civilizations III (Test branch) (App name: 8931f79300d04c5889799bffc8ef70bd | Version: v4.52.368416)
 * Genshin Impact (App name: 41869934302e4b8cafac2d3c0e7c293d | Version: 91)
 * Ghostrunner (App name: ea8df71f923649a193ab1c1fded7e1b3 | Version: 42507)
 * Ghostwire Tokyo (App name: 007ff8f4e30845a687e66aa77eb3e965 | Version: CL642509-A)
 * Gloomhaven (App name: 1bcd791d54684eb29ed32ad1c0593d12 | Version: 1.1.8307.0)
 * Grand Theft Auto V (App name: 9d2d0eb64d5c44529cece33fe2a46482 | Version: 1.0.3258.0)
 * Guacamelee! 2 (App name: fab83c3bf3d449718e042d44369e7fb6 | Version: Guac2_07-07-2023_17-30-36+36)
 * Guacamelee! Super Turbo Championship Edition (App name: 25b902f42cf04b17bc8a3db2f7292d58 | Version: GuacSTCE_29-06-2023_16-43-23+66)
 * Guild of Dungeoneering (App name: b8bdc716e79e461bbf161d99f842f29a | Version: 0.02)
 * Hand of Fate 2 (App name: 808f0dfbf3b84c2680793724d7f207bf | Version: 1.9.91_54131_Win64_Live)
 * Hello Neighbor (App name: Ursus | Version: 1.4.1)
 * Honkai Impact 3rd (App name: 0dc22b543a40440fab5a98d1e40c02c1 | Version: 2.33.7.1)
 * Horizon Chase Turbo (App name: bb406082b69a47208489d3616b22b5c2 | Version: 2.0.202311091807)
 * Idle Champions of the Forgotten Realms (App name: 40cb42e38c0b4a14a1bb133eb3291572 | Version: IdleDragons583164Live)
 * INDUSTRIA (App name: 78903903b1f1419bae248467f27ff470 | Version: 1.3.2)
 * Infinifactory (App name: c7b3c16f56cb45abbfd915d59fd39689 | Version: 1.0.13)
 * Inside (App name: Marigold | Version: 1.0.0)
 * Insurmountable (App name: 8b556e7471ac46eda46445d93fa2e73f | Version: 2.0.7.3)
 * Invincible Presents: Atom Eve (App name: ef50503adc284a8ba65d4dea1ecce91a | Version: 1.0.25523)
 * Islets (App name: 5e37739a766b4457981d2992f93ac72c | Version: 1.03)
 * Jurassic World Evolution (App name: 373a4372c20540aca7fdd880d27fa49a | Version: 1.12.7.54973)
 * Kao the Kangaroo (App name: 7763cb8916654651a50593a813ae7c38 | Version: 1.6.0)
 * KID A MNESIA EXHIBITION (App name: 33411619626243f1859d0b7fb5cc5405 | Version: 0.0333.012725)
 * LISA: The Joyful - Definitive Edition (App name: a42a95a46dc942318350cd4d0ee3163b | Version: 1.5_4)
 * LISA: The Painful - Definitive Edition (App name: ee6a6b5ad66e4d94abe462ba331ddc4b | Version: 1.5_2)
 * Loop Hero (App name: f7a0ebb44f93430fb1c4388a395eba96 | Version: 11054)
 * Maneater (App name: Turtle | Version: 43151315)
 * Marvel's Guardians of the Galaxy (App name: 63a665088eb1480298f1e57943b225d8 | Version: 2984448)
  + Marvel's Guardians of the Galaxy: Social-Lord Outfit (App name: 9596620d263b40c083ddf1f0c662c8ff | Version: 2978210)
 * Marvel's Midnight Suns (App name: 49550aa9fcd74552ae07c4e9f2c262fe | Version: 1.0.0.930465)
 * Metro 2033 Redux (App name: Petunia | Version: 0.1.0.0)
 * Midnight Ghost Hunt (App name: 456f53b28c384f02865874299f956501 | Version: 1.1.1)
 * MudRunner (App name: Bulbul | Version: 0.8.1)
 * Murder by Numbers (App name: 2c3dd568cada4c229753f550a44dcf2b | Version: 1.01)
 * My Time at Portia (App name: Cobra | Version: 2.0.20210813)
 * NBA 2K21 (App name: 639977eecfd2497c941b71af949b5067 | Version: 1.12.135040)
 * Never Alone (Kisima Ingitchuna) (App name: f38de9fa4c6d43eabac080942cb394a1 | Version: NeverAlone-Win-1.2.8)
 * Night in the Woods (App name: cd1b8a6e5b6c47369e2a1e2cf7b7f536 | Version: 406.Win64)
 * Nioh: The Complete Edition (App name: b5e42b0dc2f544a5bbb4080a433b8b71 | Version: Ver1.24.08.57450)
 * Oddworld: New 'n' Tasty (App name: 7c566548d24343e48151125ced4b494c | Version: Epic 1.0)
 * Orcs Must Die! 3 (App name: 3047a2d268da49588bbd22c806cde4de | Version: 1.2.5.6)
 * Out of Line (App name: 6b994d7f4f2a4e85a54d5c2ede6d2fed | Version: 1.0.5)
 * Overcooked (App name: Sage | Version: 1.0)
 * Pillars of Eternity - Definitive Edition (App name: bcc75c246fe04e45b0c1f1c3fd52503a | Version: 1.0.12)
  + Pillars of Eternity - Definitive Edition Pack (App name: 8e975c15166a4a1ca28d65fdfa411248 | Version: 1.0.0)
 * Railway Empire (App name: 8cf7c6b964514532ad8284a376a517bf | Version: 1.14.2.27630)
 * Redout 2 (App name: 16a37a0080e3414aafb30f1cc8390f6c | Version: 7c9c7c-S-D-P)
 * Remnant: From the Ashes (App name: b4a0d2d15acb4db894a599b810297543 | Version: Remnant_Win64_Shipping_275957)
 * Rise of the Tomb Raider: 20 Year Celebration (App name: f7cc1c999ac146f39b356f53e3489514 | Version: TR2_30112021_1027.0_1224023_303770_132827583431143041_)
 * Rising Storm 2: Vietnam (App name: Tern | Version: 20210514-403690-36)
 * Riverbond (App name: 087f062df2574091a67fe614a6ec15a4 | Version: 22)
 * Rocket League® (App name: Sugar | Version: BC2_Update51+453196)
 * Rogue Company (App name: Pewee | Version: 1787)
 * RollerCoaster Tycoon® 3: Complete Edition (App name: 281a47e363284108b82bf05c1a612145 | Version: 3.2.5.13)
 * Sail Forth (App name: 11ba63f98ce94a38b631104a12c7adab | Version: Win_2024-02-07_13-13-35)
 * Season 3 starter kit (App name: aa | Version: None)
  ! No version information (unknown cause)
 * Shadow of the Tomb Raider: Definitive Edition (App name: 890d9cf396d04922a1559333df419fed | Version: TR11_10072023_492.0_1227914_740629_133334955480774690_)
 * Sheltered (App name: b9af0845f9d64b0d9e851d9811141f67 | Version: 123)
 * Sid Meier's Civilization VI (App name: Kinglet | Version: 1.0.12.951533_nebraska_update1_Kinglet)
  + Civilization VI : Aztec DLC (App name: KingletAztec | Version: 1.0.12.951533_nebraska_update1_KingletAztec)
 * Sludge Life (App name: Morganite | Version: V201003)
 * Speed Brawl (App name: 6ffe878bb1ce490ba6d3a359a1f88df2 | Version: 1.5-cbf526615d)
 * Spellbreak (App name: Newt | Version: release.15196-7866)
 * Spelldrifter (App name: a2b2ed0324c44902b9058e23dedc76e3 | Version: 26974)
 * Spirit of the North (App name: d2d941e5c1ec44ae9e87e9e7cdddf1dd | Version: 4.4.0)
 * STAR WARS™ Battlefront™ II: Celebration Edition (App name: MtMassive | Version: None)
  - This game has to be activated, installed, and launched via Origin, use "legendary launch --origin MtMassive" to activate and/or run the game.
 * Stranger Things 3: The Game (App name: 0a697c1235fb4706a635cfa33f0306ec | Version: 857)
 * Sunless Skies: Sovereign Edition (App name: b979fad811c64939af282f5892049b50 | Version: 2.0.5.6e8c8ff-a-Windows)
 * Super Meat Boy Forever (App name: Moose | Version: 6755.1848.1962.152)
 * Surviving Mars (App name: Ovenbird | Version: 1.5_Fuglesang.1011166-Windows)
 * Surviving the Aftermath (App name: Muscovy | Version: 1.25.0.2775)
 * Tharsis (App name: 266d978cc221471787b597695cbb9a75 | Version: 1.03)
 * The Alto Collection (App name: Hornbill | Version: Win_202301311530)
 * The Big Con (App name: 573b2b742fa04eda83ea73cb17d7abc0 | Version: TBC_DRM_1.6.18)
 * The Bridge (App name: Sunbird | Version: Win_2024-04-25_12-21-21)
 * The Captain (App name: f00b5acabb0f49a7b49e8350d1cd0de0 | Version: 1.1.4_win)
 * The Dungeon Of Naheulbeuk: The Amulet Of Chaos (App name: 02fac38ee2614c8ba276b1ea7c1acd7c | Version: Windows_1.5_575_47857)
 * The Elder Scrolls Online (App name: 4d0ff75b922447649057c237c0bd1545 | Version: EGSStarter_v2.9a_d6_live_public)
 * The Forest Quartet (App name: dbb0b84f31244c7584490d205b74010c | Version: 4.0.0c)
 * The Long Dark (App name: ed93b18355a84230938c705121c63661 | Version: Windows_136986)
  + The Long Dark: Wintermute (App name: 87441b64c6d746b7a7c90017c227dd0c | Version: Windows_WM_135958)
 * The Messenger (App name: Jay | Version: 2.0.2.4)
 * The Outer Worlds: Spacer's Choice Edition (App name: cb3bf7ba89574a66ae3b795e039d4dbc | Version: 0.0.0.6415)
 * The Sims™ 4 (App name: huddle | Version: None)
  - This game has to be activated, installed, and launched via Origin, use "legendary launch --origin huddle" to activate and/or run the game.
 * The World Next Door (App name: 39a0313492c84cf79b119efb09df90e5 | Version: 1.2.1p)
 * theHunter: Call of the Wild™ (App name: 4f0c34d469bb47b2bcf5b377f47ccfe3 | Version: 0.0.11)
 * Thief (App name: 4123bcce398b4b1d8b9ef878f81055d1 | Version: TH4_EPIC_1.7.0.5)
 * Tom Clancy's The Division 2 (App name: Impala | Version: TU1.8)
  - This game can be activated directly on your Ubisoft account and does not require legendary to install/run. Use "legendary activate --uplay" and follow the instructions.
 * Tomb Raider GAME OF THE YEAR EDITION (App name: d6264d56f5ba434e91d4b0a0b056c83a | Version: TRAS_15112021_838.0_1224060,275025(132814434654404397))
 * Torchlight II (App name: 8e425d507bd6473dbb927f0fea8ef4f6 | Version: 1.25.9.5)
 * Tormentor X Punisher (App name: Goby | Version: txp12)
 * Trackmania Starter Access (App name: Pigeon | Version: 1.3)
  - This game can be activated directly on your Ubisoft account and does not require legendary to install/run. Use "legendary activate --uplay" and follow the instructions.
 * Train Valley 2 (App name: a617890cec1542d6ba760ba13f79225e | Version: 1.6.8.8)
 * Tropico 5 (App name: e4867c438f854da5a1d1f8c8609cac22 | Version: 197114[Windows])
  + Map Pack (App name: 8b5f1c51be3844bab51e2ee1089839f5 | Version: 197106[Windows])
 * Tyranny - Gold Edition (App name: 36b0e40890f147fbb1e3965f87369156 | Version: 1.0.21)
  + Tyranny - Gold Edition Pack (App name: 4d374e0805dc42bfb78c0ceb24bd1085 | Version: 1.0.0)
 * Unrailed (App name: 76233c0af0a441c7bd541e7d7ab3cde1 | Version: 2.1-bea80b268_3)
 * Unreal Tournament (App name: UnrealTournamentDev | Version: None)
  ! No version information (unknown cause)
 * Where The Water Tastes Like Wine (App name: e8964b869b6849bea41eefec766cd665 | Version: 1.0)
 * Windbound (App name: a95bf4df6627431ca5baff8173c59635 | Version: 1.3.40746.206)
 * Wolfenstein: The New Order (App name: a64dcf9b711a4a60a3c0b6f052dfc7da | Version: 1.3.1)
 * World War Z (App name: Wombat | Version: 2.27)
 * XCOM 2 (App name: 3be3c4d681bc46b3b8b26c5df3ae0a18 | Version: 1.0.1_CL-870730)

Total: 147
