(15:18:17) INFO:    [Legendary]:        Legendary location: /opt/Heroic/resources/app.asar.unpacked/build/bin/linux/legendary
(15:18:17) INFO:    [Gog]:              GOGDL location: /opt/Heroic/resources/app.asar.unpacked/build/bin/linux/gogdl
(15:18:17) INFO:    [Connection]:       Connectivity: check-online
(15:18:17) INFO:    [Connection]:       Pinging external endpoints
(15:18:17) INFO:    [Gog]:              Checking for existing gog manifests
(15:18:17) INFO:    [Backend]:          DRM module staus {
  "oimompecagnajdejgnnjijobebaeigek": {
    "status": "new",
    "title": "Widevine Content Decryption Module",
    "version": "4.10.2710.0"
  }
}
(15:18:17) WARNING: [Backend]:          Protocol already registered.
(15:18:18) INFO:    [Connection]:       Connectivity: online
(15:18:18) INFO:    [Gog]:              Running command: GOGDL_CONFIG_PATH=/home/sith/.config/heroic/gogdlConfig /opt/Heroic/resources/app.asar.unpacked/build/bin/linux/gogdl --auth-config-path /home/sith/.config/heroic/gog_store/auth.json auth
(15:18:18) INFO:    [Backend]:          User Not Found, removing it from Store
(15:18:18) ERROR:   [Gog]:              Unable to syncQueued playtime, userData not present
(15:18:18) INFO:    [Backend]:          Frontend Ready
(15:18:18) INFO:    [Backend]:          Checking for new Heroic Updates
(15:18:18) INFO:    [Backend]:          Checking for current version changelog
(15:18:18) INFO:    [Backend]:          AreWeAntiCheatYet data downloaded
(15:18:19) INFO:    [Legendary]:        Running command: LEGENDARY_CONFIG_PATH=/home/sith/.config/heroic/legendaryConfig/legendary /opt/Heroic/resources/app.asar.unpacked/build/bin/linux/legendary --version
(15:18:19) INFO:    [Gog]:              Running command: GOGDL_CONFIG_PATH=/home/sith/.config/heroic/gogdlConfig /opt/Heroic/resources/app.asar.unpacked/build/bin/linux/gogdl --auth-config-path /home/sith/.config/heroic/gog_store/auth.json --version
(15:18:19) INFO:    [Nile]:             Running command: NILE_CONFIG_PATH=/home/sith/.config/heroic/nile_config /opt/Heroic/resources/app.asar.unpacked/build/bin/linux/nile --version
(15:18:19) INFO:    [Backend]:          
System Information:
CPU: 20x 12th Gen Intel(R) Core(TM) i7-12700H
Memory: 33.26 GB (used: 12.49 GB)
GPUs:
  GPU 0:
    Name: NVIDIA Corporation AD106M [GeForce RTX 4070 Max-Q / Mobile]
    IDs: D=2860 V=10de SD=275d SV=1043
    Driver: nvidia
  GPU 1:
    Name: Intel Corporation Alder Lake-P GT2 [Iris Xe Graphics]
    IDs: D=46a6 V=8086 SD=275d SV=1043
    Driver: i915
OS: EndeavourOS 6.9.7-arch1-1 (linux)

The current system is not a Steam Deck
We are not running inside a Flatpak container

Software Versions:
  Heroic: 2.14.1 Flame Emperor Sabo
  Legendary: 0.20.34 Direct Intervention
  gogdl: 1.0.1
  Nile: 1.0.2 Jonathan Joestar

(15:18:20) INFO:    [Winetricks]:       Downloading Winetricks
(15:18:20) INFO:    [DXVKInstaller]:    Updating vkd3d to: vkd3d-proton-2.13
(15:18:20) INFO:    [DXVKInstaller]:    Updating dxvk-nvapi to: dxvk-nvapi-v0.7.1
(15:18:22) INFO:    [WineDownloader]:   Updating wine versions info
(15:18:22) INFO:    [WineDownloader]:   Fetching upstream information...
(15:18:23) INFO:    [Backend]:          Starting the Download Queue
(15:18:24) INFO:    [WineDownloader]:   wine versions updated
(15:18:26) INFO:    [DownloadManager]:  Downloader: Finished downloading https://github.com/Heroic-Games-Launcher/vkd3d-proton/releases/download/v2.13/vkd3d-proton-2.13.tar.xz
(15:18:26) INFO:    [DXVKInstaller]:    Downloaded vkd3d, extracting...
(15:18:26) INFO:    [Backend]:          Extracting /home/sith/.config/heroic/tools/vkd3d/vkd3d-proton-2.13.tar.xz to /home/sith/.config/heroic/tools/vkd3d/vkd3d-proton-2.13 using native tar
(15:18:26) INFO:    [DXVKInstaller]:    vkd3d updated!
(15:18:26) INFO:    [DownloadManager]:  Downloader: Finished downloading https://github.com/jp7677/dxvk-nvapi/releases/download/v0.7.1/dxvk-nvapi-v0.7.1.tar.gz
(15:18:26) INFO:    [DXVKInstaller]:    Downloaded dxvk-nvapi, extracting...
(15:18:26) INFO:    [Backend]:          Extracting /home/sith/.config/heroic/tools/dxvk-nvapi/dxvk-nvapi-v0.7.1.tar.gz to /home/sith/.config/heroic/tools/dxvk-nvapi/dxvk-nvapi-v0.7.1 using native tar
(15:18:26) INFO:    [DXVKInstaller]:    dxvk-nvapi updated!
