[609552][1720679869969][main][info]["Booting Postman 11.2.0, linux-6.9.7-arch1-1 on x64"]
[609552][1720679869970][main][info]["EventBus~initialize - Success"]
[609552][1720679869972][main][info]["Proxy configuration has not been setup"]
[609552][1720679869973][main][info]["CloudProxyManager~init - Success"]
[609552][1720679869975][main][info]["performShellDataMigration: Starting shell data migration"]
[609552][1720679869975][main][info]["migrateShellData:Starting"]
[609552][1720679869984][main][info]["migrateShellData: Old storage cleaned up"]
[609552][1720679870108][main][info]["migrateShellData: Got data from shell. Writing to storage"]
[609552][1720679870113][main][info]["performShellDataMigration: Migration successful on try count 1"]
[609552][1720679870119][main][info]["UpdateHandler~init - Success"]
[609552][1720679870121][main][info]["LeaderSelection: Initialized successfully"]
[609552][1720679870122][main][info]["VersionDependencyService: Initialized successfully"]
[609552][1720679870129][main][info]["Generated root certificate for linux"]
[609552][1720679870130][main][info]["LinuxAutoUpdater~Cleanup - Initial cleanup successful"]
[609552][1720679870148][main][info]["GPU detected VID 4318 DID 10336 ACTIVE true"]
[609552][1720679870148][main][info]["GPU detected VID 32902 DID 18086 ACTIVE false"]
[609552][1720679870151][main][info]["newAccountRegionPreferenceService~getPreferenceWithFallback - Preference not found in storage."]
[609552][1720679870151][main][info]["newAccountRegionPreferenceService~getToggleMenuTemplate - Using preference:","useUSRegion"]
[609552][1720679870165][main][info]["shellController~init: Success"]
[609552][1720679870170][main][info]["shellMeta~init: Success"]
[609552][1720679870170][main][info]["partitionMigrationService: State of V7 partition:"]
[609552][1720679870170][main][info]["partitionMigrationService: V7 partitions",[]]
[609552][1720679870171][main][info]["partitionMigrationService~rectifyNamespaceOfScratchPadPartition: There is no partition with scratchpad namespace"]
[609552][1720679870171][main][info]["partitionMigrationService~rectifyNamespaceOfScratchPadPartition: There is no transit partition which could have been used for scratchpad"]
[609552][1720679870171][main][info]["partitionMigrationService~init: Success"]
[609552][1720679870177][main][info]["partitionMigrationService~runV8PartitionsIntegrity: Two way migration~ removing the following partitions from v8",[]]
[609552][1720679870185][main][info]["userPartitionService~_rectifyTheActivePartitionOfApplication: Setting the active partition to ",null]
[609552][1720679870199][main][info]["userPartitionService~init: Success"]
[609552][1720679870206][main][info]["proxyCertificateService~ensureRootCAPresence: Deleting and creating new certificates"]
[609552][1720679870209][main][info]["userPartitionService: State of v8 partition system:"]
[609552][1720679870210][main][info]["shell~init~getPartitionToLoad: loading scratchpad partition"]
[609552][1720679870211][main][info]["userPartitionService: List of partitions:",[]]
[609552][1720679870211][main][info]["userPartitionService: users global meta:",{}]
[609552][1720679870223][main][info]["Main:windowManager~newRequesterWindow: Fetch and update runtime config: undefined"]
[609552][1720679871565][main][info]["RuntimeIPCAgent~started: Success"]
[609552][1720679871891][main][info]["Main~scratchpadThemeAction:: action: set, value: dark"]
[609552][1720679871893][main][info]["Main~scratchpadThemeAction:: action: set, value: dark"]
[609552][1720679871894][main][info]["Main~scratchpadThemeAction:: action: set, value: dark"]
[609552][1720679871905][main][info]["UpdateHandler~app-update-events - Received event",{"name":"checkForElectronVersionUpdated","namespace":"appUpdate"}]
[609552][1720679871909][main][info]["windowManager: First requester booted successfully."]
[609552][1720679871909][main][info]["windowManager~restoreWindows: Restoring requester windows"]
[609552][1720679871909][main][info]["Main~AppEvents - Received booted event for process requester.Version undefined UI Version: undefined Desktop Platform Version: 11.2.0"]
[609552][1720679881060][main][info]["VersionDependencyService: Resetting UI version as user logged out/switched account"]
[609552][1720679881060][main][info]["Main - model-events~user - (users, add) received"]
[609552][1720679881275][main][info]["AuthHandler~open: Received dom-ready event."]
[609552][1720679881279][main][info]["AuthHandler~open: Received did-finish-load event."]
[609552][1720679881411][main][warn]["AuthHandler~open: Current app is not default protocol client - Falling back to polling mechanism."]
[609552][1720679881413][main][info]["newAccountRegionPreferenceService~getPreferenceWithFallback - Preference not found in storage."]
[609552][1720679881413][main][info]["newAccountRegionPreferenceService~getRegionPreference - Using preference:","useUSRegion"]
[609552][1720679881413][main][info]["AuthHandler~open: new Account region preference:","us"]
[609552][1720679881414][main][info]["AuthHandler~open: get multiLoginToken token."]
[609552][1720679881415][main][info]["AuthHandler~open: Publishing initialize event to auth-window channel."]
[609552][1720679911564][main][info]["Shell~init~loginUser: associating the user ","2360392"," with transit partition"]
[609552][1720679911564][main][info]["userPartitionService~getNewPartitionId: creating a partition with userId and teamId as 0"]
[609552][1720679911588][main][info]["userPartitionService~associateTransitPartition: ",{"partitionId":"3e850b41-db5e-4d4c-b6ff-a2a50290fac9","context":{"namespace":"users","userId":"2360392","teamId":"4037108","region":"us"}}]
[609552][1720679911617][main][info]["userPartitionService: State of v8 partition system:"]
[609552][1720679911623][main][info]["userPartitionService: List of partitions:",[{"partitionId":"3e850b41-db5e-4d4c-b6ff-a2a50290fac9","namespace":"users","userId":"2360392","teamId":"4037108","lastUpdated":"2024-07-11T06:38:31.588Z"},{"partitionId":"aad8d8bd-39a3-4955-b839-32b74ddacec0","namespace":"scratchPad","userId":0,"teamId":0,"isDirty":false}]]
[609552][1720679911623][main][info]["userPartitionService: users global meta:",{}]
[609552][1720679911633][main][info]["Main:windowManager~newRequesterWindow: Fetch and update runtime config: us"]
[609552][1720679914656][main][info]["Main~getRemoteInitPath:: "]
[609552][1720679914813][main][info]["Main - model-events~user - (user, update) received"]
[609552][1720679914814][main][info]["Main~reload: https://desktop.postman.com/?desktopVersion=11.2.0&userId=2360392&teamId=4037108&region=us"]
[609552][1720679914997][main][info]["UpdateHandler~app-update-events - Received event",{"name":"checkForElectronVersionUpdated","namespace":"appUpdate"}]
[609552][1720679915007][main][info]["windowManager: First requester booted successfully."]
[609552][1720679915007][main][info]["windowManager~restoreWindows: Restoring requester windows"]
[609552][1720679915007][main][info]["Main~AppEvents - Received booted event for process requester.Version 11.2.34 UI Version: 11.2.34-ui-240627-0757 Desktop Platform Version: 11.2.0"]
[609552][1720679915075][main][info]["Main~getRemoteInitPath:: "]
[609552][1720679915236][main][info]["Main~getPlatformLaunchPerfMetrics"]
[609552][1720679915480][main][info]["INTERCEPTOR CONNECTIVITY: Attempting to start websocket server on port 15611"]
[609552][1720679917233][main][info]["Main~getRemoteInitPath:: "]
[609552][1720679917420][main][info]["Main - model-events~user - (user, update) received"]
[609552][1720679917594][main][info]["UpdateHandler~app-update-events - Received event",{"name":"checkForElectronVersionUpdated","namespace":"appUpdate"}]
[609552][1720679917600][main][info]["Main~AppEvents - Received booted event for process requester.Version 11.2.34 UI Version: 11.2.34-ui-240627-0757 Desktop Platform Version: 11.2.0"]
[609552][1720679917641][main][info]["Main~getRemoteInitPath:: "]
[609552][1720679918071][main][info]["Main~getPlatformLaunchPerfMetrics"]
[609552][1720679918531][main][info]["Main - model-events~user - (user, bootstrapUser) received"]
[609552][1720679918531][main][info]["model-events~user - bootstrapUser received"]
[609552][1720679919144][main][info]["Main - model-events~user - (user, bootstrapUser) received"]
[609552][1720679919145][main][info]["model-events~user - bootstrapUser received"]
[609552][1720679928615][main][info]["UpdateHandler~app-update-events - Received event",{"name":"updateElectron","namespace":"appUpdate","data":{"channel":"stable","version":"11.2.0","downloadVersion":"11.3.0","appId":"6776df84-eeab-43cd-a7fd-9ec57bd6c9ad","userAgent":"Mozilla/5.0 (X11; Linux x86_64) AppleWebKit/537.36 (KHTML, like Gecko) Postman/11.2.0 Electron/20.3.11 Safari/537.36","platform":"LINUX","arch":"64","downloadURL":"https://dl.pstmn.io/download/version/11.3.0/linux_64","updateServerDomain":"https://dl.pstmn.io/","additionalParamsString":"installationId=6776df84-eeab-43cd-a7fd-9ec57bd6c9ad&userId=2360392&syncEnabled=true&teamPlan=sync-free-3-trial&teamId=4037108","userId":"2360392"}}]
[609552][1720679928615][main][info]["LinuxUpdater~downloadUpdate - UpdateInfo received",{"channel":"stable","version":"11.2.0","downloadVersion":"11.3.0","appId":"6776df84-eeab-43cd-a7fd-9ec57bd6c9ad","userAgent":"Mozilla/5.0 (X11; Linux x86_64) AppleWebKit/537.36 (KHTML, like Gecko) Postman/11.2.0 Electron/20.3.11 Safari/537.36","platform":"LINUX","arch":"64","downloadURL":"https://dl.pstmn.io/download/version/11.3.0/linux_64","updateServerDomain":"https://dl.pstmn.io/","additionalParamsString":"installationId=6776df84-eeab-43cd-a7fd-9ec57bd6c9ad&userId=2360392&syncEnabled=true&teamPlan=sync-free-3-trial&teamId=4037108","userId":"2360392"}]
[609552][1720679929673][main][info]["@postman/app-updater: error",{"errno":-13,"code":"EACCES","syscall":"open","path":"/opt/postman/Postman-1720679928616.tar.gz","name":"Error","message":"EACCES: permission denied, open '/opt/postman/Postman-1720679928616.tar.gz'","stack":"Error: EACCES: permission denied, open '/opt/postman/Postman-1720679928616.tar.gz'"},{"packageName":"Postman","eID":"Postman-1720679928616","downloadURL":"https://dl.pstmn.io/download/version/11.3.0/linux_64","downloadDirectory":"/opt/postman","downloadInfo":{"status":"DOWNLOAD_ERROR","error":{"errno":-13,"code":"EACCES","syscall":"open","path":"/opt/postman/Postman-1720679928616.tar.gz"},"downloadDirectory":"/opt/postman"}}]
[609552][1720679929675][main][info]["UpdateHandler~app-update-events - Received event",{"name":"electronAppUpdateError","namespace":"appUpdate","data":{"error":{"errno":-13,"code":"EACCES","syscall":"open","path":"/opt/postman/Postman-1720679928616.tar.gz","name":"Error","message":"EACCES: permission denied, open '/opt/postman/Postman-1720679928616.tar.gz'","stack":"Error: EACCES: permission denied, open '/opt/postman/Postman-1720679928616.tar.gz'"},"updateData":{"packageName":"Postman","eID":"Postman-1720679928616","downloadURL":"https://dl.pstmn.io/download/version/11.3.0/linux_64","downloadDirectory":"/opt/postman","downloadInfo":{"status":"DOWNLOAD_ERROR","error":{"errno":-13,"code":"EACCES","syscall":"open","path":"/opt/postman/Postman-1720679928616.tar.gz"},"downloadDirectory":"/opt/postman"}}}}]
[609552][1720681499040][main][info]["WindowManager~closeHandler - Closed Window (id: 4 )"]
[609552][1720681499048][main][error]["Main~handleUncaughtError - Uncaught errors",{"name":"TypeError","message":"Cannot read properties of undefined (reading 'send')","stack":"TypeError: Cannot read properties of undefined (reading 'send')\n    at Object.sendMessageToInterceptor (/opt/postman/app/resources/app/services/websocketServer.js:144:10)\n    at Object.requesterWindowHandler (/opt/postman/app/resources/app/services/websocketServer.js:389:14)\n    at EventEmitter.emit (node:events:539:35)\n    at EventEmitter.emit (node:domain:475:12)\n    at _dispatch (/opt/postman/app/resources/app/common/_event-bus.js:256:14)\n    at EventBus._publish (/opt/postman/app/resources/app/common/_event-bus.js:207:9)\n    at Object.closedHandler (/opt/postman/app/resources/app/services/windowManager.js:1090:18)\n    at BrowserWindow.emit (node:events:527:28)\n    at BrowserWindow.emit (node:domain:475:12)"}]
